{"D:/Github/TarkovTracker/functions/.eslintrc.js": {"path":"D:/Github/TarkovTracker/functions/.eslintrc.js","statementMap":{"0":{"start":{"line":1,"column":0},"end":{"line":11,"column":2}}},"fnMap":{},"branchMap":{},"s":{"0":0},"f":{},"b":{}}
,"D:/Github/TarkovTracker/functions/index.js": {"path":"D:/Github/TarkovTracker/functions/index.js","statementMap":{"0":{"start":{"line":12,"column":0},"end":{"line":12,"column":69}},"1":{"start":{"line":16,"column":0},"end":{"line":16,"column":22}},"2":{"start":{"line":27,"column":13},"end":{"line":27,"column":30}},"3":{"start":{"line":28,"column":2},"end":{"line":30,"column":3}},"4":{"start":{"line":29,"column":6},"end":{"line":29,"column":90}},"5":{"start":{"line":31,"column":2},"end":{"line":76,"column":3}},"6":{"start":{"line":32,"column":23},"end":{"line":32,"column":27}},"7":{"start":{"line":33,"column":4},"end":{"line":69,"column":7}},"8":{"start":{"line":34,"column":24},"end":{"line":34,"column":69}},"9":{"start":{"line":35,"column":24},"end":{"line":35,"column":56}},"10":{"start":{"line":36,"column":6},"end":{"line":36,"column":45}},"11":{"start":{"line":38,"column":6},"end":{"line":67,"column":7}},"12":{"start":{"line":39,"column":24},"end":{"line":39,"column":72}},"13":{"start":{"line":40,"column":24},"end":{"line":40,"column":54}},"14":{"start":{"line":41,"column":8},"end":{"line":64,"column":9}},"15":{"start":{"line":43,"column":10},"end":{"line":50,"column":13}},"16":{"start":{"line":44,"column":12},"end":{"line":44,"column":94}},"17":{"start":{"line":45,"column":12},"end":{"line":49,"column":14}},"18":{"start":{"line":51,"column":10},"end":{"line":51,"column":38}},"19":{"start":{"line":54,"column":10},"end":{"line":58,"column":12}},"20":{"start":{"line":59,"column":10},"end":{"line":63,"column":12}},"21":{"start":{"line":66,"column":8},"end":{"line":66,"column":93}},"22":{"start":{"line":68,"column":6},"end":{"line":68,"column":88}},"23":{"start":{"line":70,"column":4},"end":{"line":70,"column":76}},"24":{"start":{"line":71,"column":4},"end":{"line":71,"column":26}},"25":{"start":{"line":73,"column":4},"end":{"line":73,"column":90}},"26":{"start":{"line":74,"column":4},"end":{"line":74,"column":61}},"27":{"start":{"line":74,"column":51},"end":{"line":74,"column":59}},"28":{"start":{"line":75,"column":4},"end":{"line":75,"column":91}},"29":{"start":{"line":80,"column":13},"end":{"line":80,"column":30}},"30":{"start":{"line":81,"column":3},"end":{"line":83,"column":3}},"31":{"start":{"line":82,"column":6},"end":{"line":82,"column":90}},"32":{"start":{"line":84,"column":2},"end":{"line":126,"column":3}},"33":{"start":{"line":85,"column":4},"end":{"line":119,"column":7}},"34":{"start":{"line":86,"column":24},"end":{"line":86,"column":69}},"35":{"start":{"line":87,"column":24},"end":{"line":87,"column":56}},"36":{"start":{"line":89,"column":6},"end":{"line":91,"column":7}},"37":{"start":{"line":90,"column":8},"end":{"line":90,"column":97}},"38":{"start":{"line":92,"column":6},"end":{"line":94,"column":7}},"39":{"start":{"line":93,"column":9},"end":{"line":93,"column":100}},"40":{"start":{"line":96,"column":22},"end":{"line":96,"column":56}},"41":{"start":{"line":97,"column":22},"end":{"line":97,"column":52}},"42":{"start":{"line":99,"column":6},"end":{"line":101,"column":7}},"43":{"start":{"line":100,"column":8},"end":{"line":100,"column":80}},"44":{"start":{"line":102,"column":6},"end":{"line":104,"column":7}},"45":{"start":{"line":103,"column":8},"end":{"line":103,"column":82}},"46":{"start":{"line":105,"column":6},"end":{"line":107,"column":7}},"47":{"start":{"line":106,"column":8},"end":{"line":106,"column":83}},"48":{"start":{"line":109,"column":6},"end":{"line":113,"column":8}},"49":{"start":{"line":114,"column":6},"end":{"line":118,"column":8}},"50":{"start":{"line":120,"column":4},"end":{"line":120,"column":83}},"51":{"start":{"line":121,"column":4},"end":{"line":121,"column":28}},"52":{"start":{"line":123,"column":4},"end":{"line":123,"column":103}},"53":{"start":{"line":124,"column":4},"end":{"line":124,"column":61}},"54":{"start":{"line":124,"column":51},"end":{"line":124,"column":59}},"55":{"start":{"line":125,"column":4},"end":{"line":125,"column":90}},"56":{"start":{"line":130,"column":13},"end":{"line":130,"column":30}},"57":{"start":{"line":131,"column":3},"end":{"line":133,"column":3}},"58":{"start":{"line":132,"column":6},"end":{"line":132,"column":90}},"59":{"start":{"line":134,"column":20},"end":{"line":134,"column":65}},"60":{"start":{"line":135,"column":20},"end":{"line":135,"column":63}},"61":{"start":{"line":137,"column":2},"end":{"line":137,"column":69}},"62":{"start":{"line":139,"column":2},"end":{"line":175,"column":3}},"63":{"start":{"line":140,"column":4},"end":{"line":168,"column":7}},"64":{"start":{"line":141,"column":24},"end":{"line":141,"column":56}},"65":{"start":{"line":143,"column":6},"end":{"line":145,"column":7}},"66":{"start":{"line":144,"column":8},"end":{"line":144,"column":94}},"67":{"start":{"line":147,"column":24},"end":{"line":147,"column":56}},"68":{"start":{"line":148,"column":6},"end":{"line":150,"column":7}},"69":{"start":{"line":149,"column":8},"end":{"line":149,"column":86}},"70":{"start":{"line":152,"column":21},"end":{"line":152,"column":41}},"71":{"start":{"line":153,"column":23},"end":{"line":153,"column":46}},"72":{"start":{"line":155,"column":6},"end":{"line":161,"column":9}},"73":{"start":{"line":163,"column":6},"end":{"line":167,"column":8}},"74":{"start":{"line":169,"column":4},"end":{"line":169,"column":71}},"75":{"start":{"line":170,"column":4},"end":{"line":170,"column":38}},"76":{"start":{"line":172,"column":4},"end":{"line":172,"column":91}},"77":{"start":{"line":173,"column":4},"end":{"line":173,"column":61}},"78":{"start":{"line":173,"column":51},"end":{"line":173,"column":59}},"79":{"start":{"line":174,"column":4},"end":{"line":174,"column":94}},"80":{"start":{"line":179,"column":13},"end":{"line":179,"column":30}},"81":{"start":{"line":180,"column":3},"end":{"line":182,"column":3}},"82":{"start":{"line":181,"column":6},"end":{"line":181,"column":90}},"83":{"start":{"line":183,"column":2},"end":{"line":185,"column":3}},"84":{"start":{"line":184,"column":6},"end":{"line":184,"column":91}},"85":{"start":{"line":187,"column":2},"end":{"line":224,"column":3}},"86":{"start":{"line":188,"column":4},"end":{"line":217,"column":7}},"87":{"start":{"line":189,"column":22},"end":{"line":189,"column":65}},"88":{"start":{"line":190,"column":22},"end":{"line":190,"column":52}},"89":{"start":{"line":191,"column":24},"end":{"line":191,"column":64}},"90":{"start":{"line":192,"column":24},"end":{"line":192,"column":56}},"91":{"start":{"line":194,"column":6},"end":{"line":196,"column":7}},"92":{"start":{"line":195,"column":8},"end":{"line":195,"column":80}},"93":{"start":{"line":197,"column":6},"end":{"line":199,"column":7}},"94":{"start":{"line":198,"column":8},"end":{"line":198,"column":103}},"95":{"start":{"line":200,"column":6},"end":{"line":202,"column":7}},"96":{"start":{"line":201,"column":8},"end":{"line":201,"column":87}},"97":{"start":{"line":203,"column":6},"end":{"line":205,"column":7}},"98":{"start":{"line":204,"column":8},"end":{"line":204,"column":102}},"99":{"start":{"line":207,"column":6},"end":{"line":211,"column":8}},"100":{"start":{"line":212,"column":6},"end":{"line":216,"column":8}},"101":{"start":{"line":218,"column":4},"end":{"line":218,"column":96}},"102":{"start":{"line":219,"column":4},"end":{"line":219,"column":28}},"103":{"start":{"line":221,"column":4},"end":{"line":221,"column":117}},"104":{"start":{"line":222,"column":4},"end":{"line":222,"column":61}},"105":{"start":{"line":222,"column":51},"end":{"line":222,"column":59}},"106":{"start":{"line":223,"column":4},"end":{"line":223,"column":90}},"107":{"start":{"line":228,"column":18},"end":{"line":228,"column":57}},"108":{"start":{"line":229,"column":17},"end":{"line":229,"column":55}},"109":{"start":{"line":230,"column":19},"end":{"line":230,"column":59}},"110":{"start":{"line":231,"column":23},"end":{"line":231,"column":67}},"111":{"start":{"line":241,"column":25},"end":{"line":246,"column":4}},"112":{"start":{"line":244,"column":4},"end":{"line":244,"column":31}},"113":{"start":{"line":245,"column":4},"end":{"line":245,"column":16}},"114":{"start":{"line":250,"column":30},"end":{"line":255,"column":1}},"115":{"start":{"line":252,"column":4},"end":{"line":252,"column":31}},"116":{"start":{"line":253,"column":4},"end":{"line":253,"column":36}},"117":{"start":{"line":261,"column":2},"end":{"line":261,"column":39}},"118":{"start":{"line":265,"column":13},"end":{"line":265,"column":30}},"119":{"start":{"line":268,"column":23},"end":{"line":285,"column":3}},"120":{"start":{"line":287,"column":2},"end":{"line":306,"column":3}},"121":{"start":{"line":288,"column":20},"end":{"line":293,"column":5}},"122":{"start":{"line":294,"column":4},"end":{"line":297,"column":6}},"123":{"start":{"line":299,"column":23},"end":{"line":299,"column":65}},"124":{"start":{"line":300,"column":4},"end":{"line":300,"column":34}},"125":{"start":{"line":302,"column":4},"end":{"line":305,"column":6}},"126":{"start":{"line":309,"column":21},"end":{"line":343,"column":3}},"127":{"start":{"line":345,"column":2},"end":{"line":390,"column":3}},"128":{"start":{"line":346,"column":18},"end":{"line":351,"column":5}},"129":{"start":{"line":352,"column":4},"end":{"line":355,"column":6}},"130":{"start":{"line":358,"column":37},"end":{"line":360,"column":5}},"131":{"start":{"line":361,"column":29},"end":{"line":361,"column":66}},"132":{"start":{"line":364,"column":4},"end":{"line":367,"column":6}},"133":{"start":{"line":369,"column":4},"end":{"line":381,"column":7}},"134":{"start":{"line":372,"column":27},"end":{"line":372,"column":74}},"135":{"start":{"line":372,"column":56},"end":{"line":372,"column":73}},"136":{"start":{"line":373,"column":6},"end":{"line":380,"column":7}},"137":{"start":{"line":374,"column":8},"end":{"line":374,"column":49}},"138":{"start":{"line":376,"column":8},"end":{"line":379,"column":11}},"139":{"start":{"line":383,"column":21},"end":{"line":383,"column":61}},"140":{"start":{"line":384,"column":4},"end":{"line":384,"column":32}},"141":{"start":{"line":386,"column":4},"end":{"line":389,"column":6}}},"fnMap":{"0":{"name":"_leaveTeamLogic","decl":{"start":{"line":26,"column":15},"end":{"line":26,"column":30}},"loc":{"start":{"line":26,"column":46},"end":{"line":77,"column":1}}},"1":{"name":"(anonymous_1)","decl":{"start":{"line":33,"column":28},"end":{"line":33,"column":33}},"loc":{"start":{"line":33,"column":51},"end":{"line":69,"column":5}}},"2":{"name":"(anonymous_2)","decl":{"start":{"line":43,"column":42},"end":{"line":43,"column":43}},"loc":{"start":{"line":43,"column":54},"end":{"line":50,"column":11}}},"3":{"name":"_joinTeamLogic","decl":{"start":{"line":79,"column":15},"end":{"line":79,"column":29}},"loc":{"start":{"line":79,"column":45},"end":{"line":127,"column":1}}},"4":{"name":"(anonymous_4)","decl":{"start":{"line":85,"column":28},"end":{"line":85,"column":33}},"loc":{"start":{"line":85,"column":51},"end":{"line":119,"column":5}}},"5":{"name":"_createTeamLogic","decl":{"start":{"line":129,"column":15},"end":{"line":129,"column":31}},"loc":{"start":{"line":129,"column":47},"end":{"line":176,"column":1}}},"6":{"name":"(anonymous_6)","decl":{"start":{"line":140,"column":28},"end":{"line":140,"column":33}},"loc":{"start":{"line":140,"column":51},"end":{"line":168,"column":5}}},"7":{"name":"_kickTeamMemberLogic","decl":{"start":{"line":178,"column":15},"end":{"line":178,"column":35}},"loc":{"start":{"line":178,"column":51},"end":{"line":225,"column":1}}},"8":{"name":"(anonymous_8)","decl":{"start":{"line":188,"column":28},"end":{"line":188,"column":33}},"loc":{"start":{"line":188,"column":51},"end":{"line":217,"column":5}}},"9":{"name":"(anonymous_9)","decl":{"start":{"line":243,"column":9},"end":{"line":243,"column":14}},"loc":{"start":{"line":243,"column":28},"end":{"line":246,"column":3}}},"10":{"name":"(anonymous_10)","decl":{"start":{"line":251,"column":2},"end":{"line":251,"column":7}},"loc":{"start":{"line":251,"column":31},"end":{"line":254,"column":3}}},"11":{"name":"retrieveTarkovdata","decl":{"start":{"line":260,"column":15},"end":{"line":260,"column":33}},"loc":{"start":{"line":260,"column":36},"end":{"line":391,"column":1}}},"12":{"name":"(anonymous_12)","decl":{"start":{"line":369,"column":45},"end":{"line":369,"column":46}},"loc":{"start":{"line":369,"column":73},"end":{"line":381,"column":5}}},"13":{"name":"(anonymous_13)","decl":{"start":{"line":372,"column":46},"end":{"line":372,"column":47}},"loc":{"start":{"line":372,"column":56},"end":{"line":372,"column":73}}}},"branchMap":{"0":{"loc":{"start":{"line":28,"column":2},"end":{"line":30,"column":3}},"type":"if","locations":[{"start":{"line":28,"column":2},"end":{"line":30,"column":3}},{"start":{},"end":{}}]},"1":{"loc":{"start":{"line":38,"column":6},"end":{"line":67,"column":7}},"type":"if","locations":[{"start":{"line":38,"column":6},"end":{"line":67,"column":7}},{"start":{"line":65,"column":13},"end":{"line":67,"column":7}}]},"2":{"loc":{"start":{"line":41,"column":8},"end":{"line":64,"column":9}},"type":"if","locations":[{"start":{"line":41,"column":8},"end":{"line":64,"column":9}},{"start":{"line":52,"column":15},"end":{"line":64,"column":9}}]},"3":{"loc":{"start":{"line":74,"column":4},"end":{"line":74,"column":61}},"type":"if","locations":[{"start":{"line":74,"column":4},"end":{"line":74,"column":61}},{"start":{},"end":{}}]},"4":{"loc":{"start":{"line":81,"column":3},"end":{"line":83,"column":3}},"type":"if","locations":[{"start":{"line":81,"column":3},"end":{"line":83,"column":3}},{"start":{},"end":{}}]},"5":{"loc":{"start":{"line":89,"column":6},"end":{"line":91,"column":7}},"type":"if","locations":[{"start":{"line":89,"column":6},"end":{"line":91,"column":7}},{"start":{},"end":{}}]},"6":{"loc":{"start":{"line":92,"column":6},"end":{"line":94,"column":7}},"type":"if","locations":[{"start":{"line":92,"column":6},"end":{"line":94,"column":7}},{"start":{},"end":{}}]},"7":{"loc":{"start":{"line":92,"column":10},"end":{"line":92,"column":36}},"type":"binary-expr","locations":[{"start":{"line":92,"column":10},"end":{"line":92,"column":18}},{"start":{"line":92,"column":22},"end":{"line":92,"column":36}}]},"8":{"loc":{"start":{"line":99,"column":6},"end":{"line":101,"column":7}},"type":"if","locations":[{"start":{"line":99,"column":6},"end":{"line":101,"column":7}},{"start":{},"end":{}}]},"9":{"loc":{"start":{"line":102,"column":6},"end":{"line":104,"column":7}},"type":"if","locations":[{"start":{"line":102,"column":6},"end":{"line":104,"column":7}},{"start":{},"end":{}}]},"10":{"loc":{"start":{"line":105,"column":6},"end":{"line":107,"column":7}},"type":"if","locations":[{"start":{"line":105,"column":6},"end":{"line":107,"column":7}},{"start":{},"end":{}}]},"11":{"loc":{"start":{"line":105,"column":46},"end":{"line":105,"column":83}},"type":"binary-expr","locations":[{"start":{"line":105,"column":46},"end":{"line":105,"column":77}},{"start":{"line":105,"column":81},"end":{"line":105,"column":83}}]},"12":{"loc":{"start":{"line":124,"column":4},"end":{"line":124,"column":61}},"type":"if","locations":[{"start":{"line":124,"column":4},"end":{"line":124,"column":61}},{"start":{},"end":{}}]},"13":{"loc":{"start":{"line":131,"column":3},"end":{"line":133,"column":3}},"type":"if","locations":[{"start":{"line":131,"column":3},"end":{"line":133,"column":3}},{"start":{},"end":{}}]},"14":{"loc":{"start":{"line":143,"column":6},"end":{"line":145,"column":7}},"type":"if","locations":[{"start":{"line":143,"column":6},"end":{"line":145,"column":7}},{"start":{},"end":{}}]},"15":{"loc":{"start":{"line":148,"column":6},"end":{"line":150,"column":7}},"type":"if","locations":[{"start":{"line":148,"column":6},"end":{"line":150,"column":7}},{"start":{},"end":{}}]},"16":{"loc":{"start":{"line":158,"column":24},"end":{"line":158,"column":55}},"type":"binary-expr","locations":[{"start":{"line":158,"column":24},"end":{"line":158,"column":49}},{"start":{"line":158,"column":53},"end":{"line":158,"column":55}}]},"17":{"loc":{"start":{"line":173,"column":4},"end":{"line":173,"column":61}},"type":"if","locations":[{"start":{"line":173,"column":4},"end":{"line":173,"column":61}},{"start":{},"end":{}}]},"18":{"loc":{"start":{"line":180,"column":3},"end":{"line":182,"column":3}},"type":"if","locations":[{"start":{"line":180,"column":3},"end":{"line":182,"column":3}},{"start":{},"end":{}}]},"19":{"loc":{"start":{"line":183,"column":2},"end":{"line":185,"column":3}},"type":"if","locations":[{"start":{"line":183,"column":2},"end":{"line":185,"column":3}},{"start":{},"end":{}}]},"20":{"loc":{"start":{"line":194,"column":6},"end":{"line":196,"column":7}},"type":"if","locations":[{"start":{"line":194,"column":6},"end":{"line":196,"column":7}},{"start":{},"end":{}}]},"21":{"loc":{"start":{"line":197,"column":6},"end":{"line":199,"column":7}},"type":"if","locations":[{"start":{"line":197,"column":6},"end":{"line":199,"column":7}},{"start":{},"end":{}}]},"22":{"loc":{"start":{"line":200,"column":6},"end":{"line":202,"column":7}},"type":"if","locations":[{"start":{"line":200,"column":6},"end":{"line":202,"column":7}},{"start":{},"end":{}}]},"23":{"loc":{"start":{"line":203,"column":6},"end":{"line":205,"column":7}},"type":"if","locations":[{"start":{"line":203,"column":6},"end":{"line":205,"column":7}},{"start":{},"end":{}}]},"24":{"loc":{"start":{"line":222,"column":4},"end":{"line":222,"column":61}},"type":"if","locations":[{"start":{"line":222,"column":4},"end":{"line":222,"column":61}},{"start":{},"end":{}}]},"25":{"loc":{"start":{"line":373,"column":6},"end":{"line":380,"column":7}},"type":"if","locations":[{"start":{"line":373,"column":6},"end":{"line":380,"column":7}},{"start":{"line":375,"column":13},"end":{"line":380,"column":7}}]}},"s":{"0":0,"1":0,"2":0,"3":0,"4":0,"5":0,"6":0,"7":0,"8":0,"9":0,"10":0,"11":0,"12":0,"13":0,"14":0,"15":0,"16":0,"17":0,"18":0,"19":0,"20":0,"21":0,"22":0,"23":0,"24":0,"25":0,"26":0,"27":0,"28":0,"29":0,"30":0,"31":0,"32":0,"33":0,"34":0,"35":0,"36":0,"37":0,"38":0,"39":0,"40":0,"41":0,"42":0,"43":0,"44":0,"45":0,"46":0,"47":0,"48":0,"49":0,"50":0,"51":0,"52":0,"53":0,"54":0,"55":0,"56":0,"57":0,"58":0,"59":0,"60":0,"61":0,"62":0,"63":0,"64":0,"65":0,"66":0,"67":0,"68":0,"69":0,"70":0,"71":0,"72":0,"73":0,"74":0,"75":0,"76":0,"77":0,"78":0,"79":0,"80":0,"81":0,"82":0,"83":0,"84":0,"85":0,"86":0,"87":0,"88":0,"89":0,"90":0,"91":0,"92":0,"93":0,"94":0,"95":0,"96":0,"97":0,"98":0,"99":0,"100":0,"101":0,"102":0,"103":0,"104":0,"105":0,"106":0,"107":0,"108":0,"109":0,"110":0,"111":0,"112":0,"113":0,"114":0,"115":0,"116":0,"117":0,"118":0,"119":0,"120":0,"121":0,"122":0,"123":0,"124":0,"125":0,"126":0,"127":0,"128":0,"129":0,"130":0,"131":0,"132":0,"133":0,"134":0,"135":0,"136":0,"137":0,"138":0,"139":0,"140":0,"141":0},"f":{"0":0,"1":0,"2":0,"3":0,"4":0,"5":0,"6":0,"7":0,"8":0,"9":0,"10":0,"11":0,"12":0,"13":0},"b":{"0":[0,0],"1":[0,0],"2":[0,0],"3":[0,0],"4":[0,0],"5":[0,0],"6":[0,0],"7":[0,0],"8":[0,0],"9":[0,0],"10":[0,0],"11":[0,0],"12":[0,0],"13":[0,0],"14":[0,0],"15":[0,0],"16":[0,0],"17":[0,0],"18":[0,0],"19":[0,0],"20":[0,0],"21":[0,0],"22":[0,0],"23":[0,0],"24":[0,0],"25":[0,0]}}
,"D:/Github/TarkovTracker/functions/api/token/create.js": {"path":"D:/Github/TarkovTracker/functions/api/token/create.js","statementMap":{"0":{"start":{"line":7,"column":13},"end":{"line":7,"column":30}},"1":{"start":{"line":8,"column":2},"end":{"line":11,"column":5}},"2":{"start":{"line":14,"column":2},"end":{"line":18,"column":3}},"3":{"start":{"line":15,"column":6},"end":{"line":15,"column":64}},"4":{"start":{"line":17,"column":6},"end":{"line":17,"column":114}},"5":{"start":{"line":19,"column":2},"end":{"line":22,"column":3}},"6":{"start":{"line":20,"column":6},"end":{"line":20,"column":76}},"7":{"start":{"line":21,"column":6},"end":{"line":21,"column":133}},"8":{"start":{"line":24,"column":20},"end":{"line":24,"column":65}},"9":{"start":{"line":25,"column":19},"end":{"line":25,"column":41}},"10":{"start":{"line":28,"column":2},"end":{"line":104,"column":3}},"11":{"start":{"line":29,"column":25},"end":{"line":29,"column":27}},"12":{"start":{"line":30,"column":4},"end":{"line":82,"column":7}},"13":{"start":{"line":31,"column":24},"end":{"line":31,"column":56}},"14":{"start":{"line":34,"column":6},"end":{"line":36,"column":7}},"15":{"start":{"line":35,"column":8},"end":{"line":35,"column":113}},"16":{"start":{"line":39,"column":24},"end":{"line":39,"column":28}},"17":{"start":{"line":40,"column":21},"end":{"line":40,"column":22}},"18":{"start":{"line":41,"column":21},"end":{"line":41,"column":42}},"19":{"start":{"line":42,"column":27},"end":{"line":42,"column":29}},"20":{"start":{"line":45,"column":6},"end":{"line":51,"column":7}},"21":{"start":{"line":46,"column":10},"end":{"line":46,"column":51}},"22":{"start":{"line":47,"column":10},"end":{"line":47,"column":59}},"23":{"start":{"line":48,"column":35},"end":{"line":48,"column":75}},"24":{"start":{"line":49,"column":10},"end":{"line":49,"column":48}},"25":{"start":{"line":50,"column":10},"end":{"line":50,"column":21}},"26":{"start":{"line":53,"column":6},"end":{"line":57,"column":7}},"27":{"start":{"line":55,"column":10},"end":{"line":55,"column":124}},"28":{"start":{"line":56,"column":10},"end":{"line":56,"column":97}},"29":{"start":{"line":59,"column":6},"end":{"line":59,"column":38}},"30":{"start":{"line":62,"column":6},"end":{"line":68,"column":9}},"31":{"start":{"line":71,"column":6},"end":{"line":81,"column":7}},"32":{"start":{"line":72,"column":10},"end":{"line":74,"column":13}},"33":{"start":{"line":77,"column":10},"end":{"line":80,"column":13}},"34":{"start":{"line":84,"column":4},"end":{"line":87,"column":7}},"35":{"start":{"line":89,"column":4},"end":{"line":89,"column":37}},"36":{"start":{"line":92,"column":4},"end":{"line":97,"column":7}},"37":{"start":{"line":99,"column":4},"end":{"line":103,"column":5}},"38":{"start":{"line":100,"column":8},"end":{"line":100,"column":16}},"39":{"start":{"line":102,"column":8},"end":{"line":102,"column":123}},"40":{"start":{"line":108,"column":20},"end":{"line":108,"column":61}}},"fnMap":{"0":{"name":"_createTokenLogic","decl":{"start":{"line":6,"column":15},"end":{"line":6,"column":32}},"loc":{"start":{"line":6,"column":48},"end":{"line":105,"column":1}}},"1":{"name":"(anonymous_1)","decl":{"start":{"line":30,"column":28},"end":{"line":30,"column":33}},"loc":{"start":{"line":30,"column":51},"end":{"line":82,"column":5}}}},"branchMap":{"0":{"loc":{"start":{"line":14,"column":2},"end":{"line":18,"column":3}},"type":"if","locations":[{"start":{"line":14,"column":2},"end":{"line":18,"column":3}},{"start":{},"end":{}}]},"1":{"loc":{"start":{"line":19,"column":2},"end":{"line":22,"column":3}},"type":"if","locations":[{"start":{"line":19,"column":2},"end":{"line":22,"column":3}},{"start":{},"end":{}}]},"2":{"loc":{"start":{"line":19,"column":6},"end":{"line":19,"column":78}},"type":"binary-expr","locations":[{"start":{"line":19,"column":6},"end":{"line":19,"column":23}},{"start":{"line":19,"column":27},"end":{"line":19,"column":44}},{"start":{"line":19,"column":48},"end":{"line":19,"column":78}}]},"3":{"loc":{"start":{"line":34,"column":6},"end":{"line":36,"column":7}},"type":"if","locations":[{"start":{"line":34,"column":6},"end":{"line":36,"column":7}},{"start":{},"end":{}}]},"4":{"loc":{"start":{"line":34,"column":10},"end":{"line":34,"column":67}},"type":"binary-expr","locations":[{"start":{"line":34,"column":10},"end":{"line":34,"column":26}},{"start":{"line":34,"column":30},"end":{"line":34,"column":67}}]},"5":{"loc":{"start":{"line":45,"column":13},"end":{"line":45,"column":40}},"type":"binary-expr","locations":[{"start":{"line":45,"column":13},"end":{"line":45,"column":24}},{"start":{"line":45,"column":28},"end":{"line":45,"column":40}}]},"6":{"loc":{"start":{"line":53,"column":6},"end":{"line":57,"column":7}},"type":"if","locations":[{"start":{"line":53,"column":6},"end":{"line":57,"column":7}},{"start":{},"end":{}}]},"7":{"loc":{"start":{"line":71,"column":6},"end":{"line":81,"column":7}},"type":"if","locations":[{"start":{"line":71,"column":6},"end":{"line":81,"column":7}},{"start":{"line":75,"column":13},"end":{"line":81,"column":7}}]},"8":{"loc":{"start":{"line":94,"column":13},"end":{"line":94,"column":38}},"type":"binary-expr","locations":[{"start":{"line":94,"column":13},"end":{"line":94,"column":22}},{"start":{"line":94,"column":26},"end":{"line":94,"column":38}}]},"9":{"loc":{"start":{"line":99,"column":4},"end":{"line":103,"column":5}},"type":"if","locations":[{"start":{"line":99,"column":4},"end":{"line":103,"column":5}},{"start":{"line":101,"column":11},"end":{"line":103,"column":5}}]}},"s":{"0":0,"1":0,"2":0,"3":0,"4":0,"5":0,"6":0,"7":0,"8":0,"9":0,"10":0,"11":0,"12":0,"13":0,"14":0,"15":0,"16":0,"17":0,"18":0,"19":0,"20":0,"21":0,"22":0,"23":0,"24":0,"25":0,"26":0,"27":0,"28":0,"29":0,"30":0,"31":0,"32":0,"33":0,"34":0,"35":0,"36":0,"37":0,"38":0,"39":0,"40":0},"f":{"0":0,"1":0},"b":{"0":[0,0],"1":[0,0],"2":[0,0,0],"3":[0,0],"4":[0,0],"5":[0,0],"6":[0,0],"7":[0,0],"8":[0,0],"9":[0,0]}}
,"D:/Github/TarkovTracker/functions/api/token/revoke.js": {"path":"D:/Github/TarkovTracker/functions/api/token/revoke.js","statementMap":{"0":{"start":{"line":6,"column":13},"end":{"line":6,"column":30}},"1":{"start":{"line":7,"column":2},"end":{"line":10,"column":5}},"2":{"start":{"line":13,"column":2},"end":{"line":16,"column":3}},"3":{"start":{"line":14,"column":4},"end":{"line":14,"column":62}},"4":{"start":{"line":15,"column":4},"end":{"line":15,"column":112}},"5":{"start":{"line":17,"column":2},"end":{"line":20,"column":3}},"6":{"start":{"line":18,"column":4},"end":{"line":18,"column":85}},"7":{"start":{"line":19,"column":4},"end":{"line":19,"column":109}},"8":{"start":{"line":22,"column":20},"end":{"line":22,"column":65}},"9":{"start":{"line":23,"column":19},"end":{"line":23,"column":57}},"10":{"start":{"line":26,"column":2},"end":{"line":87,"column":3}},"11":{"start":{"line":27,"column":4},"end":{"line":64,"column":7}},"12":{"start":{"line":28,"column":23},"end":{"line":28,"column":54}},"13":{"start":{"line":29,"column":24},"end":{"line":29,"column":56}},"14":{"start":{"line":31,"column":6},"end":{"line":37,"column":7}},"15":{"start":{"line":32,"column":8},"end":{"line":35,"column":11}},"16":{"start":{"line":36,"column":8},"end":{"line":36,"column":78}},"17":{"start":{"line":39,"column":24},"end":{"line":39,"column":39}},"18":{"start":{"line":40,"column":6},"end":{"line":47,"column":7}},"19":{"start":{"line":41,"column":8},"end":{"line":45,"column":11}},"20":{"start":{"line":46,"column":8},"end":{"line":46,"column":118}},"21":{"start":{"line":50,"column":6},"end":{"line":50,"column":35}},"22":{"start":{"line":53,"column":6},"end":{"line":63,"column":7}},"23":{"start":{"line":54,"column":8},"end":{"line":56,"column":11}},"24":{"start":{"line":59,"column":8},"end":{"line":62,"column":11}},"25":{"start":{"line":66,"column":4},"end":{"line":69,"column":7}},"26":{"start":{"line":70,"column":4},"end":{"line":70,"column":29}},"27":{"start":{"line":73,"column":4},"end":{"line":79,"column":7}},"28":{"start":{"line":81,"column":4},"end":{"line":86,"column":5}},"29":{"start":{"line":82,"column":8},"end":{"line":82,"column":16}},"30":{"start":{"line":85,"column":8},"end":{"line":85,"column":114}},"31":{"start":{"line":91,"column":20},"end":{"line":91,"column":61}}},"fnMap":{"0":{"name":"_revokeTokenLogic","decl":{"start":{"line":5,"column":15},"end":{"line":5,"column":32}},"loc":{"start":{"line":5,"column":48},"end":{"line":88,"column":1}}},"1":{"name":"(anonymous_1)","decl":{"start":{"line":27,"column":28},"end":{"line":27,"column":33}},"loc":{"start":{"line":27,"column":51},"end":{"line":64,"column":5}}}},"branchMap":{"0":{"loc":{"start":{"line":13,"column":2},"end":{"line":16,"column":3}},"type":"if","locations":[{"start":{"line":13,"column":2},"end":{"line":16,"column":3}},{"start":{},"end":{}}]},"1":{"loc":{"start":{"line":17,"column":2},"end":{"line":20,"column":3}},"type":"if","locations":[{"start":{"line":17,"column":2},"end":{"line":20,"column":3}},{"start":{},"end":{}}]},"2":{"loc":{"start":{"line":31,"column":6},"end":{"line":37,"column":7}},"type":"if","locations":[{"start":{"line":31,"column":6},"end":{"line":37,"column":7}},{"start":{},"end":{}}]},"3":{"loc":{"start":{"line":40,"column":6},"end":{"line":47,"column":7}},"type":"if","locations":[{"start":{"line":40,"column":6},"end":{"line":47,"column":7}},{"start":{},"end":{}}]},"4":{"loc":{"start":{"line":53,"column":6},"end":{"line":63,"column":7}},"type":"if","locations":[{"start":{"line":53,"column":6},"end":{"line":63,"column":7}},{"start":{"line":57,"column":13},"end":{"line":63,"column":7}}]},"5":{"loc":{"start":{"line":76,"column":13},"end":{"line":76,"column":38}},"type":"binary-expr","locations":[{"start":{"line":76,"column":13},"end":{"line":76,"column":22}},{"start":{"line":76,"column":26},"end":{"line":76,"column":38}}]},"6":{"loc":{"start":{"line":81,"column":4},"end":{"line":86,"column":5}},"type":"if","locations":[{"start":{"line":81,"column":4},"end":{"line":86,"column":5}},{"start":{"line":83,"column":11},"end":{"line":86,"column":5}}]}},"s":{"0":0,"1":0,"2":0,"3":0,"4":0,"5":0,"6":0,"7":0,"8":0,"9":0,"10":0,"11":0,"12":0,"13":0,"14":0,"15":0,"16":0,"17":0,"18":0,"19":0,"20":0,"21":0,"22":0,"23":0,"24":0,"25":0,"26":0,"27":0,"28":0,"29":0,"30":0,"31":0},"f":{"0":0,"1":0},"b":{"0":[0,0],"1":[0,0],"2":[0,0],"3":[0,0],"4":[0,0],"5":[0,0],"6":[0,0]}}
,"D:/Github/TarkovTracker/functions/api/v2/index.js": {"path":"D:/Github/TarkovTracker/functions/api/v2/index.js","statementMap":{"0":{"start":{"line":14,"column":12},"end":{"line":14,"column":21}},"1":{"start":{"line":15,"column":0},"end":{"line":18,"column":3}},"2":{"start":{"line":16,"column":2},"end":{"line":16,"column":62}},"3":{"start":{"line":17,"column":2},"end":{"line":17,"column":9}},"4":{"start":{"line":19,"column":0},"end":{"line":19,"column":32}},"5":{"start":{"line":20,"column":0},"end":{"line":20,"column":27}},"6":{"start":{"line":21,"column":0},"end":{"line":21,"column":51}},"7":{"start":{"line":28,"column":0},"end":{"line":28,"column":22}},"8":{"start":{"line":31,"column":0},"end":{"line":31,"column":52}},"9":{"start":{"line":34,"column":0},"end":{"line":34,"column":63}},"10":{"start":{"line":35,"column":0},"end":{"line":35,"column":66}},"11":{"start":{"line":36,"column":0},"end":{"line":39,"column":2}},"12":{"start":{"line":40,"column":0},"end":{"line":40,"column":76}},"13":{"start":{"line":41,"column":0},"end":{"line":41,"column":72}},"14":{"start":{"line":42,"column":0},"end":{"line":45,"column":2}},"15":{"start":{"line":54,"column":0},"end":{"line":84,"column":3}},"16":{"start":{"line":55,"column":23},"end":{"line":70,"column":3}},"17":{"start":{"line":72,"column":2},"end":{"line":72,"column":69}},"18":{"start":{"line":75,"column":2},"end":{"line":77,"column":3}},"19":{"start":{"line":76,"column":4},"end":{"line":76,"column":50}},"20":{"start":{"line":80,"column":2},"end":{"line":83,"column":5}}},"fnMap":{"0":{"name":"(anonymous_0)","decl":{"start":{"line":15,"column":8},"end":{"line":15,"column":9}},"loc":{"start":{"line":15,"column":28},"end":{"line":18,"column":1}}},"1":{"name":"(anonymous_1)","decl":{"start":{"line":54,"column":8},"end":{"line":54,"column":9}},"loc":{"start":{"line":54,"column":33},"end":{"line":84,"column":1}}}},"branchMap":{"0":{"loc":{"start":{"line":75,"column":2},"end":{"line":77,"column":3}},"type":"if","locations":[{"start":{"line":75,"column":2},"end":{"line":77,"column":3}},{"start":{},"end":{}}]}},"s":{"0":1,"1":1,"2":0,"3":0,"4":1,"5":1,"6":1,"7":1,"8":1,"9":1,"10":1,"11":1,"12":1,"13":1,"14":1,"15":1,"16":0,"17":0,"18":0,"19":0,"20":0},"f":{"0":0,"1":0},"b":{"0":[0,0]}}
,"D:/Github/TarkovTracker/functions/api/v2/swagger.js": {"path":"D:/Github/TarkovTracker/functions/api/v2/swagger.js","statementMap":{"0":{"start":{"line":1,"column":21},"end":{"line":1,"column":45}},"1":{"start":{"line":2,"column":11},"end":{"line":2,"column":24}},"2":{"start":{"line":4,"column":23},"end":{"line":41,"column":1}},"3":{"start":{"line":43,"column":29},"end":{"line":43,"column":57}},"4":{"start":{"line":44,"column":0},"end":{"line":54,"column":2}},"5":{"start":{"line":48,"column":4},"end":{"line":52,"column":5}},"6":{"start":{"line":49,"column":6},"end":{"line":49,"column":16}},"7":{"start":{"line":51,"column":6},"end":{"line":51,"column":53}}},"fnMap":{"0":{"name":"(anonymous_0)","decl":{"start":{"line":47,"column":2},"end":{"line":47,"column":10}},"loc":{"start":{"line":47,"column":17},"end":{"line":53,"column":3}}}},"branchMap":{"0":{"loc":{"start":{"line":48,"column":4},"end":{"line":52,"column":5}},"type":"if","locations":[{"start":{"line":48,"column":4},"end":{"line":52,"column":5}},{"start":{"line":50,"column":11},"end":{"line":52,"column":5}}]}},"s":{"0":0,"1":0,"2":0,"3":0,"4":0,"5":0,"6":0,"7":0},"f":{"0":0},"b":{"0":[0,0]}}
,"D:/Github/TarkovTracker/functions/api/v2/handlers/progressHandler.js": {"path":"D:/Github/TarkovTracker/functions/api/v2/handlers/progressHandler.js","statementMap":{"0":{"start":{"line":36,"column":26},"end":{"line":85,"column":1}},"1":{"start":{"line":37,"column":2},"end":{"line":84,"column":3}},"2":{"start":{"line":38,"column":15},"end":{"line":38,"column":32}},"3":{"start":{"line":39,"column":20},"end":{"line":39,"column":38}},"4":{"start":{"line":40,"column":24},"end":{"line":40,"column":62}},"5":{"start":{"line":42,"column":4},"end":{"line":79,"column":5}},"6":{"start":{"line":43,"column":24},"end":{"line":43,"column":28}},"7":{"start":{"line":44,"column":21},"end":{"line":44,"column":25}},"8":{"start":{"line":45,"column":24},"end":{"line":45,"column":28}},"9":{"start":{"line":48,"column":30},"end":{"line":48,"column":47}},"10":{"start":{"line":49,"column":29},"end":{"line":49,"column":45}},"11":{"start":{"line":50,"column":26},"end":{"line":50,"column":39}},"12":{"start":{"line":52,"column":6},"end":{"line":56,"column":9}},"13":{"start":{"line":58,"column":6},"end":{"line":63,"column":7}},"14":{"start":{"line":59,"column":8},"end":{"line":61,"column":10}},"15":{"start":{"line":65,"column":25},"end":{"line":70,"column":7}},"16":{"start":{"line":72,"column":6},"end":{"line":72,"column":76}},"17":{"start":{"line":74,"column":6},"end":{"line":77,"column":9}},"18":{"start":{"line":78,"column":6},"end":{"line":78,"column":77}},"19":{"start":{"line":81,"column":4},"end":{"line":83,"column":68}},"20":{"start":{"line":124,"column":24},"end":{"line":220,"column":1}},"21":{"start":{"line":125,"column":2},"end":{"line":219,"column":3}},"22":{"start":{"line":126,"column":15},"end":{"line":126,"column":32}},"23":{"start":{"line":127,"column":20},"end":{"line":127,"column":38}},"24":{"start":{"line":129,"column":4},"end":{"line":214,"column":5}},"25":{"start":{"line":131,"column":24},"end":{"line":131,"column":60}},"26":{"start":{"line":132,"column":22},"end":{"line":132,"column":56}},"27":{"start":{"line":134,"column":22},"end":{"line":134,"column":26}},"28":{"start":{"line":135,"column":20},"end":{"line":135,"column":24}},"29":{"start":{"line":136,"column":24},"end":{"line":136,"column":28}},"30":{"start":{"line":137,"column":21},"end":{"line":137,"column":25}},"31":{"start":{"line":139,"column":28},"end":{"line":139,"column":43}},"32":{"start":{"line":140,"column":26},"end":{"line":140,"column":39}},"33":{"start":{"line":141,"column":29},"end":{"line":141,"column":45}},"34":{"start":{"line":142,"column":26},"end":{"line":142,"column":39}},"35":{"start":{"line":144,"column":6},"end":{"line":149,"column":9}},"36":{"start":{"line":151,"column":21},"end":{"line":151,"column":69}},"37":{"start":{"line":152,"column":33},"end":{"line":152,"column":79}},"38":{"start":{"line":153,"column":22},"end":{"line":153,"column":31}},"39":{"start":{"line":154,"column":20},"end":{"line":154,"column":24}},"40":{"start":{"line":156,"column":6},"end":{"line":170,"column":7}},"41":{"start":{"line":157,"column":24},"end":{"line":157,"column":57}},"42":{"start":{"line":158,"column":8},"end":{"line":158,"column":38}},"43":{"start":{"line":159,"column":8},"end":{"line":169,"column":9}},"44":{"start":{"line":161,"column":10},"end":{"line":163,"column":12}},"45":{"start":{"line":165,"column":10},"end":{"line":167,"column":12}},"46":{"start":{"line":173,"column":31},"end":{"line":175,"column":7}},"47":{"start":{"line":174,"column":8},"end":{"line":174,"column":53}},"48":{"start":{"line":178,"column":27},"end":{"line":178,"column":62}},"49":{"start":{"line":181,"column":27},"end":{"line":197,"column":34}},"50":{"start":{"line":183,"column":10},"end":{"line":188,"column":11}},"51":{"start":{"line":184,"column":12},"end":{"line":186,"column":14}},"52":{"start":{"line":187,"column":12},"end":{"line":187,"column":24}},"53":{"start":{"line":189,"column":27},"end":{"line":189,"column":43}},"54":{"start":{"line":190,"column":10},"end":{"line":195,"column":12}},"55":{"start":{"line":197,"column":23},"end":{"line":197,"column":33}},"56":{"start":{"line":200,"column":30},"end":{"line":202,"column":7}},"57":{"start":{"line":201,"column":16},"end":{"line":201,"column":58}},"58":{"start":{"line":204,"column":6},"end":{"line":207,"column":9}},"59":{"start":{"line":209,"column":6},"end":{"line":212,"column":9}},"60":{"start":{"line":213,"column":6},"end":{"line":213,"column":75}},"61":{"start":{"line":216,"column":4},"end":{"line":218,"column":68}},"62":{"start":{"line":249,"column":23},"end":{"line":281,"column":1}},"63":{"start":{"line":250,"column":2},"end":{"line":280,"column":3}},"64":{"start":{"line":251,"column":15},"end":{"line":251,"column":32}},"65":{"start":{"line":252,"column":20},"end":{"line":252,"column":38}},"66":{"start":{"line":253,"column":33},"end":{"line":253,"column":71}},"67":{"start":{"line":254,"column":23},"end":{"line":254,"column":58}},"68":{"start":{"line":256,"column":4},"end":{"line":275,"column":5}},"69":{"start":{"line":257,"column":6},"end":{"line":272,"column":7}},"70":{"start":{"line":258,"column":8},"end":{"line":263,"column":10}},"71":{"start":{"line":264,"column":8},"end":{"line":264,"column":73}},"72":{"start":{"line":266,"column":8},"end":{"line":270,"column":11}},"73":{"start":{"line":271,"column":8},"end":{"line":271,"column":74}},"74":{"start":{"line":274,"column":6},"end":{"line":274,"column":71}},"75":{"start":{"line":277,"column":4},"end":{"line":279,"column":68}},"76":{"start":{"line":324,"column":25},"end":{"line":402,"column":1}},"77":{"start":{"line":325,"column":2},"end":{"line":401,"column":3}},"78":{"start":{"line":326,"column":15},"end":{"line":326,"column":32}},"79":{"start":{"line":327,"column":20},"end":{"line":327,"column":38}},"80":{"start":{"line":328,"column":33},"end":{"line":328,"column":71}},"81":{"start":{"line":329,"column":19},"end":{"line":329,"column":36}},"82":{"start":{"line":330,"column":18},"end":{"line":330,"column":32}},"83":{"start":{"line":333,"column":4},"end":{"line":337,"column":5}},"84":{"start":{"line":334,"column":6},"end":{"line":336,"column":64}},"85":{"start":{"line":338,"column":4},"end":{"line":340,"column":5}},"86":{"start":{"line":339,"column":6},"end":{"line":339,"column":72}},"87":{"start":{"line":342,"column":4},"end":{"line":396,"column":5}},"88":{"start":{"line":343,"column":23},"end":{"line":343,"column":42}},"89":{"start":{"line":344,"column":6},"end":{"line":346,"column":7}},"90":{"start":{"line":345,"column":8},"end":{"line":345,"column":49}},"91":{"start":{"line":348,"column":27},"end":{"line":348,"column":75}},"92":{"start":{"line":348,"column":57},"end":{"line":348,"column":74}},"93":{"start":{"line":349,"column":6},"end":{"line":351,"column":7}},"94":{"start":{"line":350,"column":8},"end":{"line":350,"column":67}},"95":{"start":{"line":354,"column":6},"end":{"line":385,"column":9}},"96":{"start":{"line":355,"column":28},"end":{"line":355,"column":71}},"97":{"start":{"line":356,"column":8},"end":{"line":360,"column":9}},"98":{"start":{"line":359,"column":10},"end":{"line":359,"column":69}},"99":{"start":{"line":362,"column":29},"end":{"line":362,"column":31}},"100":{"start":{"line":363,"column":25},"end":{"line":363,"column":35}},"101":{"start":{"line":364,"column":34},"end":{"line":364,"column":52}},"102":{"start":{"line":367,"column":8},"end":{"line":374,"column":10}},"103":{"start":{"line":376,"column":8},"end":{"line":384,"column":9}},"104":{"start":{"line":377,"column":10},"end":{"line":377,"column":67}},"105":{"start":{"line":380,"column":10},"end":{"line":383,"column":12}},"106":{"start":{"line":387,"column":6},"end":{"line":387,"column":79}},"107":{"start":{"line":389,"column":6},"end":{"line":394,"column":9}},"108":{"start":{"line":395,"column":6},"end":{"line":395,"column":65}},"109":{"start":{"line":398,"column":4},"end":{"line":400,"column":68}},"110":{"start":{"line":444,"column":28},"end":{"line":534,"column":1}},"111":{"start":{"line":445,"column":2},"end":{"line":533,"column":3}},"112":{"start":{"line":446,"column":15},"end":{"line":446,"column":32}},"113":{"start":{"line":447,"column":20},"end":{"line":447,"column":38}},"114":{"start":{"line":448,"column":33},"end":{"line":448,"column":71}},"115":{"start":{"line":449,"column":20},"end":{"line":449,"column":28}},"116":{"start":{"line":452,"column":4},"end":{"line":456,"column":5}},"117":{"start":{"line":453,"column":6},"end":{"line":455,"column":68}},"118":{"start":{"line":458,"column":28},"end":{"line":463,"column":5}},"119":{"start":{"line":460,"column":8},"end":{"line":462,"column":68}},"120":{"start":{"line":465,"column":4},"end":{"line":472,"column":5}},"121":{"start":{"line":466,"column":6},"end":{"line":471,"column":11}},"122":{"start":{"line":474,"column":4},"end":{"line":528,"column":5}},"123":{"start":{"line":475,"column":23},"end":{"line":475,"column":42}},"124":{"start":{"line":476,"column":6},"end":{"line":478,"column":7}},"125":{"start":{"line":477,"column":8},"end":{"line":477,"column":49}},"126":{"start":{"line":480,"column":6},"end":{"line":519,"column":9}},"127":{"start":{"line":481,"column":28},"end":{"line":481,"column":71}},"128":{"start":{"line":482,"column":8},"end":{"line":484,"column":9}},"129":{"start":{"line":483,"column":10},"end":{"line":483,"column":69}},"130":{"start":{"line":486,"column":29},"end":{"line":486,"column":31}},"131":{"start":{"line":487,"column":25},"end":{"line":487,"column":35}},"132":{"start":{"line":488,"column":34},"end":{"line":488,"column":52}},"133":{"start":{"line":490,"column":8},"end":{"line":509,"column":11}},"134":{"start":{"line":491,"column":31},"end":{"line":493,"column":11}},"135":{"start":{"line":492,"column":22},"end":{"line":492,"column":46}},"136":{"start":{"line":494,"column":10},"end":{"line":508,"column":11}},"137":{"start":{"line":496,"column":12},"end":{"line":503,"column":14}},"138":{"start":{"line":505,"column":12},"end":{"line":507,"column":14}},"139":{"start":{"line":511,"column":8},"end":{"line":518,"column":9}},"140":{"start":{"line":512,"column":10},"end":{"line":512,"column":67}},"141":{"start":{"line":514,"column":10},"end":{"line":517,"column":12}},"142":{"start":{"line":521,"column":6},"end":{"line":521,"column":80}},"143":{"start":{"line":523,"column":6},"end":{"line":526,"column":9}},"144":{"start":{"line":527,"column":6},"end":{"line":527,"column":65}},"145":{"start":{"line":530,"column":4},"end":{"line":532,"column":68}},"146":{"start":{"line":582,"column":28},"end":{"line":679,"column":1}},"147":{"start":{"line":583,"column":2},"end":{"line":678,"column":3}},"148":{"start":{"line":584,"column":15},"end":{"line":584,"column":32}},"149":{"start":{"line":585,"column":20},"end":{"line":585,"column":38}},"150":{"start":{"line":586,"column":33},"end":{"line":586,"column":71}},"151":{"start":{"line":587,"column":24},"end":{"line":587,"column":46}},"152":{"start":{"line":588,"column":29},"end":{"line":588,"column":37}},"153":{"start":{"line":591,"column":4},"end":{"line":593,"column":5}},"154":{"start":{"line":592,"column":6},"end":{"line":592,"column":77}},"155":{"start":{"line":594,"column":4},"end":{"line":598,"column":5}},"156":{"start":{"line":595,"column":6},"end":{"line":597,"column":78}},"157":{"start":{"line":599,"column":4},"end":{"line":606,"column":5}},"158":{"start":{"line":600,"column":6},"end":{"line":605,"column":11}},"159":{"start":{"line":607,"column":4},"end":{"line":613,"column":5}},"160":{"start":{"line":608,"column":6},"end":{"line":612,"column":11}},"161":{"start":{"line":615,"column":4},"end":{"line":673,"column":5}},"162":{"start":{"line":617,"column":6},"end":{"line":659,"column":9}},"163":{"start":{"line":620,"column":28},"end":{"line":620,"column":71}},"164":{"start":{"line":621,"column":8},"end":{"line":623,"column":9}},"165":{"start":{"line":622,"column":10},"end":{"line":622,"column":69}},"166":{"start":{"line":625,"column":29},"end":{"line":625,"column":31}},"167":{"start":{"line":626,"column":25},"end":{"line":626,"column":35}},"168":{"start":{"line":628,"column":8},"end":{"line":639,"column":9}},"169":{"start":{"line":629,"column":10},"end":{"line":630,"column":34}},"170":{"start":{"line":631,"column":10},"end":{"line":638,"column":11}},"171":{"start":{"line":632,"column":12},"end":{"line":633,"column":25}},"172":{"start":{"line":636,"column":12},"end":{"line":637,"column":50}},"173":{"start":{"line":641,"column":8},"end":{"line":643,"column":9}},"174":{"start":{"line":642,"column":10},"end":{"line":642,"column":72}},"175":{"start":{"line":648,"column":8},"end":{"line":658,"column":9}},"176":{"start":{"line":649,"column":10},"end":{"line":651,"column":13}},"177":{"start":{"line":654,"column":10},"end":{"line":657,"column":12}},"178":{"start":{"line":661,"column":6},"end":{"line":663,"column":71}},"179":{"start":{"line":665,"column":6},"end":{"line":671,"column":9}},"180":{"start":{"line":672,"column":6},"end":{"line":672,"column":65}},"181":{"start":{"line":675,"column":4},"end":{"line":677,"column":68}}},"fnMap":{"0":{"name":"(anonymous_0)","decl":{"start":{"line":36,"column":26},"end":{"line":36,"column":31}},"loc":{"start":{"line":36,"column":46},"end":{"line":85,"column":1}}},"1":{"name":"(anonymous_1)","decl":{"start":{"line":124,"column":24},"end":{"line":124,"column":29}},"loc":{"start":{"line":124,"column":44},"end":{"line":220,"column":1}}},"2":{"name":"(anonymous_2)","decl":{"start":{"line":173,"column":45},"end":{"line":173,"column":46}},"loc":{"start":{"line":174,"column":8},"end":{"line":174,"column":53}}},"3":{"name":"(anonymous_3)","decl":{"start":{"line":182,"column":13},"end":{"line":182,"column":14}},"loc":{"start":{"line":182,"column":28},"end":{"line":196,"column":9}}},"4":{"name":"(anonymous_4)","decl":{"start":{"line":197,"column":16},"end":{"line":197,"column":17}},"loc":{"start":{"line":197,"column":23},"end":{"line":197,"column":33}}},"5":{"name":"(anonymous_5)","decl":{"start":{"line":201,"column":8},"end":{"line":201,"column":9}},"loc":{"start":{"line":201,"column":16},"end":{"line":201,"column":58}}},"6":{"name":"(anonymous_6)","decl":{"start":{"line":249,"column":23},"end":{"line":249,"column":28}},"loc":{"start":{"line":249,"column":43},"end":{"line":281,"column":1}}},"7":{"name":"(anonymous_7)","decl":{"start":{"line":324,"column":25},"end":{"line":324,"column":30}},"loc":{"start":{"line":324,"column":45},"end":{"line":402,"column":1}}},"8":{"name":"(anonymous_8)","decl":{"start":{"line":348,"column":47},"end":{"line":348,"column":48}},"loc":{"start":{"line":348,"column":57},"end":{"line":348,"column":74}}},"9":{"name":"(anonymous_9)","decl":{"start":{"line":354,"column":30},"end":{"line":354,"column":35}},"loc":{"start":{"line":354,"column":53},"end":{"line":385,"column":7}}},"10":{"name":"(anonymous_10)","decl":{"start":{"line":444,"column":28},"end":{"line":444,"column":33}},"loc":{"start":{"line":444,"column":48},"end":{"line":534,"column":1}}},"11":{"name":"(anonymous_11)","decl":{"start":{"line":459,"column":6},"end":{"line":459,"column":7}},"loc":{"start":{"line":460,"column":8},"end":{"line":462,"column":68}}},"12":{"name":"(anonymous_12)","decl":{"start":{"line":480,"column":30},"end":{"line":480,"column":35}},"loc":{"start":{"line":480,"column":53},"end":{"line":519,"column":7}}},"13":{"name":"(anonymous_13)","decl":{"start":{"line":490,"column":24},"end":{"line":490,"column":25}},"loc":{"start":{"line":490,"column":40},"end":{"line":509,"column":9}}},"14":{"name":"(anonymous_14)","decl":{"start":{"line":492,"column":12},"end":{"line":492,"column":13}},"loc":{"start":{"line":492,"column":22},"end":{"line":492,"column":46}}},"15":{"name":"(anonymous_15)","decl":{"start":{"line":582,"column":28},"end":{"line":582,"column":33}},"loc":{"start":{"line":582,"column":48},"end":{"line":679,"column":1}}},"16":{"name":"(anonymous_16)","decl":{"start":{"line":617,"column":30},"end":{"line":617,"column":35}},"loc":{"start":{"line":617,"column":53},"end":{"line":659,"column":7}}}},"branchMap":{"0":{"loc":{"start":{"line":37,"column":2},"end":{"line":84,"column":3}},"type":"if","locations":[{"start":{"line":37,"column":2},"end":{"line":84,"column":3}},{"start":{"line":80,"column":9},"end":{"line":84,"column":3}}]},"1":{"loc":{"start":{"line":37,"column":6},"end":{"line":37,"column":69}},"type":"binary-expr","locations":[{"start":{"line":37,"column":6},"end":{"line":37,"column":25}},{"start":{"line":37,"column":29},"end":{"line":37,"column":69}}]},"2":{"loc":{"start":{"line":58,"column":6},"end":{"line":63,"column":7}},"type":"if","locations":[{"start":{"line":58,"column":6},"end":{"line":63,"column":7}},{"start":{},"end":{}}]},"3":{"loc":{"start":{"line":125,"column":2},"end":{"line":219,"column":3}},"type":"if","locations":[{"start":{"line":125,"column":2},"end":{"line":219,"column":3}},{"start":{"line":215,"column":9},"end":{"line":219,"column":3}}]},"4":{"loc":{"start":{"line":125,"column":6},"end":{"line":125,"column":69}},"type":"binary-expr","locations":[{"start":{"line":125,"column":6},"end":{"line":125,"column":25}},{"start":{"line":125,"column":29},"end":{"line":125,"column":69}}]},"5":{"loc":{"start":{"line":151,"column":21},"end":{"line":151,"column":69}},"type":"cond-expr","locations":[{"start":{"line":151,"column":40},"end":{"line":151,"column":62}},{"start":{"line":151,"column":65},"end":{"line":151,"column":69}}]},"6":{"loc":{"start":{"line":152,"column":33},"end":{"line":152,"column":79}},"type":"cond-expr","locations":[{"start":{"line":152,"column":50},"end":{"line":152,"column":74}},{"start":{"line":152,"column":77},"end":{"line":152,"column":79}}]},"7":{"loc":{"start":{"line":156,"column":6},"end":{"line":170,"column":7}},"type":"if","locations":[{"start":{"line":156,"column":6},"end":{"line":170,"column":7}},{"start":{},"end":{}}]},"8":{"loc":{"start":{"line":159,"column":8},"end":{"line":169,"column":9}},"type":"if","locations":[{"start":{"line":159,"column":8},"end":{"line":169,"column":9}},{"start":{"line":164,"column":15},"end":{"line":169,"column":9}}]},"9":{"loc":{"start":{"line":162,"column":28},"end":{"line":162,"column":57}},"type":"binary-expr","locations":[{"start":{"line":162,"column":28},"end":{"line":162,"column":51}},{"start":{"line":162,"column":55},"end":{"line":162,"column":57}}]},"10":{"loc":{"start":{"line":183,"column":10},"end":{"line":188,"column":11}},"type":"if","locations":[{"start":{"line":183,"column":10},"end":{"line":188,"column":11}},{"start":{},"end":{}}]},"11":{"loc":{"start":{"line":201,"column":16},"end":{"line":201,"column":58}},"type":"binary-expr","locations":[{"start":{"line":201,"column":16},"end":{"line":201,"column":30}},{"start":{"line":201,"column":34},"end":{"line":201,"column":58}}]},"12":{"loc":{"start":{"line":250,"column":2},"end":{"line":280,"column":3}},"type":"if","locations":[{"start":{"line":250,"column":2},"end":{"line":280,"column":3}},{"start":{"line":276,"column":9},"end":{"line":280,"column":3}}]},"13":{"loc":{"start":{"line":250,"column":6},"end":{"line":250,"column":69}},"type":"binary-expr","locations":[{"start":{"line":250,"column":6},"end":{"line":250,"column":25}},{"start":{"line":250,"column":29},"end":{"line":250,"column":69}}]},"14":{"loc":{"start":{"line":256,"column":4},"end":{"line":275,"column":5}},"type":"if","locations":[{"start":{"line":256,"column":4},"end":{"line":275,"column":5}},{"start":{"line":273,"column":11},"end":{"line":275,"column":5}}]},"15":{"loc":{"start":{"line":256,"column":8},"end":{"line":256,"column":45}},"type":"binary-expr","locations":[{"start":{"line":256,"column":8},"end":{"line":256,"column":26}},{"start":{"line":256,"column":30},"end":{"line":256,"column":45}}]},"16":{"loc":{"start":{"line":325,"column":2},"end":{"line":401,"column":3}},"type":"if","locations":[{"start":{"line":325,"column":2},"end":{"line":401,"column":3}},{"start":{"line":397,"column":9},"end":{"line":401,"column":3}}]},"17":{"loc":{"start":{"line":325,"column":6},"end":{"line":325,"column":69}},"type":"binary-expr","locations":[{"start":{"line":325,"column":6},"end":{"line":325,"column":25}},{"start":{"line":325,"column":29},"end":{"line":325,"column":69}}]},"18":{"loc":{"start":{"line":333,"column":4},"end":{"line":337,"column":5}},"type":"if","locations":[{"start":{"line":333,"column":4},"end":{"line":337,"column":5}},{"start":{},"end":{}}]},"19":{"loc":{"start":{"line":333,"column":8},"end":{"line":333,"column":25}},"type":"binary-expr","locations":[{"start":{"line":333,"column":8},"end":{"line":333,"column":15}},{"start":{"line":333,"column":19},"end":{"line":333,"column":25}}]},"20":{"loc":{"start":{"line":338,"column":4},"end":{"line":340,"column":5}},"type":"if","locations":[{"start":{"line":338,"column":4},"end":{"line":340,"column":5}},{"start":{},"end":{}}]},"21":{"loc":{"start":{"line":344,"column":6},"end":{"line":346,"column":7}},"type":"if","locations":[{"start":{"line":344,"column":6},"end":{"line":346,"column":7}},{"start":{},"end":{}}]},"22":{"loc":{"start":{"line":349,"column":6},"end":{"line":351,"column":7}},"type":"if","locations":[{"start":{"line":349,"column":6},"end":{"line":351,"column":7}},{"start":{},"end":{}}]},"23":{"loc":{"start":{"line":356,"column":8},"end":{"line":360,"column":9}},"type":"if","locations":[{"start":{"line":356,"column":8},"end":{"line":360,"column":9}},{"start":{},"end":{}}]},"24":{"loc":{"start":{"line":376,"column":8},"end":{"line":384,"column":9}},"type":"if","locations":[{"start":{"line":376,"column":8},"end":{"line":384,"column":9}},{"start":{"line":378,"column":15},"end":{"line":384,"column":9}}]},"25":{"loc":{"start":{"line":445,"column":2},"end":{"line":533,"column":3}},"type":"if","locations":[{"start":{"line":445,"column":2},"end":{"line":533,"column":3}},{"start":{"line":529,"column":9},"end":{"line":533,"column":3}}]},"26":{"loc":{"start":{"line":445,"column":6},"end":{"line":445,"column":69}},"type":"binary-expr","locations":[{"start":{"line":445,"column":6},"end":{"line":445,"column":25}},{"start":{"line":445,"column":29},"end":{"line":445,"column":69}}]},"27":{"loc":{"start":{"line":452,"column":4},"end":{"line":456,"column":5}},"type":"if","locations":[{"start":{"line":452,"column":4},"end":{"line":456,"column":5}},{"start":{},"end":{}}]},"28":{"loc":{"start":{"line":452,"column":8},"end":{"line":452,"column":55}},"type":"binary-expr","locations":[{"start":{"line":452,"column":8},"end":{"line":452,"column":31}},{"start":{"line":452,"column":35},"end":{"line":452,"column":55}}]},"29":{"loc":{"start":{"line":460,"column":8},"end":{"line":462,"column":68}},"type":"binary-expr","locations":[{"start":{"line":460,"column":8},"end":{"line":460,"column":35}},{"start":{"line":461,"column":8},"end":{"line":461,"column":38}},{"start":{"line":462,"column":8},"end":{"line":462,"column":68}}]},"30":{"loc":{"start":{"line":465,"column":4},"end":{"line":472,"column":5}},"type":"if","locations":[{"start":{"line":465,"column":4},"end":{"line":472,"column":5}},{"start":{},"end":{}}]},"31":{"loc":{"start":{"line":476,"column":6},"end":{"line":478,"column":7}},"type":"if","locations":[{"start":{"line":476,"column":6},"end":{"line":478,"column":7}},{"start":{},"end":{}}]},"32":{"loc":{"start":{"line":482,"column":8},"end":{"line":484,"column":9}},"type":"if","locations":[{"start":{"line":482,"column":8},"end":{"line":484,"column":9}},{"start":{},"end":{}}]},"33":{"loc":{"start":{"line":494,"column":10},"end":{"line":508,"column":11}},"type":"if","locations":[{"start":{"line":494,"column":10},"end":{"line":508,"column":11}},{"start":{"line":504,"column":17},"end":{"line":508,"column":11}}]},"34":{"loc":{"start":{"line":511,"column":8},"end":{"line":518,"column":9}},"type":"if","locations":[{"start":{"line":511,"column":8},"end":{"line":518,"column":9}},{"start":{"line":513,"column":15},"end":{"line":518,"column":9}}]},"35":{"loc":{"start":{"line":583,"column":2},"end":{"line":678,"column":3}},"type":"if","locations":[{"start":{"line":583,"column":2},"end":{"line":678,"column":3}},{"start":{"line":674,"column":9},"end":{"line":678,"column":3}}]},"36":{"loc":{"start":{"line":583,"column":6},"end":{"line":583,"column":69}},"type":"binary-expr","locations":[{"start":{"line":583,"column":6},"end":{"line":583,"column":25}},{"start":{"line":583,"column":29},"end":{"line":583,"column":69}}]},"37":{"loc":{"start":{"line":591,"column":4},"end":{"line":593,"column":5}},"type":"if","locations":[{"start":{"line":591,"column":4},"end":{"line":593,"column":5}},{"start":{},"end":{}}]},"38":{"loc":{"start":{"line":594,"column":4},"end":{"line":598,"column":5}},"type":"if","locations":[{"start":{"line":594,"column":4},"end":{"line":598,"column":5}},{"start":{},"end":{}}]},"39":{"loc":{"start":{"line":594,"column":8},"end":{"line":594,"column":50}},"type":"binary-expr","locations":[{"start":{"line":594,"column":8},"end":{"line":594,"column":27}},{"start":{"line":594,"column":31},"end":{"line":594,"column":50}}]},"40":{"loc":{"start":{"line":599,"column":4},"end":{"line":606,"column":5}},"type":"if","locations":[{"start":{"line":599,"column":4},"end":{"line":606,"column":5}},{"start":{},"end":{}}]},"41":{"loc":{"start":{"line":599,"column":8},"end":{"line":599,"column":62}},"type":"binary-expr","locations":[{"start":{"line":599,"column":8},"end":{"line":599,"column":13}},{"start":{"line":599,"column":17},"end":{"line":599,"column":62}}]},"42":{"loc":{"start":{"line":607,"column":4},"end":{"line":613,"column":5}},"type":"if","locations":[{"start":{"line":607,"column":4},"end":{"line":613,"column":5}},{"start":{},"end":{}}]},"43":{"loc":{"start":{"line":607,"column":8},"end":{"line":607,"column":70}},"type":"binary-expr","locations":[{"start":{"line":607,"column":8},"end":{"line":607,"column":27}},{"start":{"line":607,"column":32},"end":{"line":607,"column":56}},{"start":{"line":607,"column":60},"end":{"line":607,"column":69}}]},"44":{"loc":{"start":{"line":621,"column":8},"end":{"line":623,"column":9}},"type":"if","locations":[{"start":{"line":621,"column":8},"end":{"line":623,"column":9}},{"start":{},"end":{}}]},"45":{"loc":{"start":{"line":628,"column":8},"end":{"line":639,"column":9}},"type":"if","locations":[{"start":{"line":628,"column":8},"end":{"line":639,"column":9}},{"start":{},"end":{}}]},"46":{"loc":{"start":{"line":631,"column":10},"end":{"line":638,"column":11}},"type":"if","locations":[{"start":{"line":631,"column":10},"end":{"line":638,"column":11}},{"start":{"line":634,"column":17},"end":{"line":638,"column":11}}]},"47":{"loc":{"start":{"line":641,"column":8},"end":{"line":643,"column":9}},"type":"if","locations":[{"start":{"line":641,"column":8},"end":{"line":643,"column":9}},{"start":{},"end":{}}]},"48":{"loc":{"start":{"line":648,"column":8},"end":{"line":658,"column":9}},"type":"if","locations":[{"start":{"line":648,"column":8},"end":{"line":658,"column":9}},{"start":{"line":652,"column":15},"end":{"line":658,"column":9}}]}},"s":{"0":1,"1":2,"2":1,"3":1,"4":1,"5":1,"6":1,"7":1,"8":1,"9":1,"10":1,"11":1,"12":1,"13":1,"14":0,"15":1,"16":1,"17":0,"18":0,"19":1,"20":1,"21":0,"22":0,"23":0,"24":0,"25":0,"26":0,"27":0,"28":0,"29":0,"30":0,"31":0,"32":0,"33":0,"34":0,"35":0,"36":0,"37":0,"38":0,"39":0,"40":0,"41":0,"42":0,"43":0,"44":0,"45":0,"46":0,"47":0,"48":0,"49":0,"50":0,"51":0,"52":0,"53":0,"54":0,"55":0,"56":0,"57":0,"58":0,"59":0,"60":0,"61":0,"62":1,"63":0,"64":0,"65":0,"66":0,"67":0,"68":0,"69":0,"70":0,"71":0,"72":0,"73":0,"74":0,"75":0,"76":1,"77":2,"78":1,"79":1,"80":1,"81":1,"82":1,"83":1,"84":0,"85":1,"86":0,"87":1,"88":1,"89":1,"90":0,"91":1,"92":1,"93":1,"94":0,"95":1,"96":1,"97":1,"98":0,"99":1,"100":1,"101":1,"102":1,"103":1,"104":1,"105":0,"106":1,"107":0,"108":0,"109":1,"110":1,"111":0,"112":0,"113":0,"114":0,"115":0,"116":0,"117":0,"118":0,"119":0,"120":0,"121":0,"122":0,"123":0,"124":0,"125":0,"126":0,"127":0,"128":0,"129":0,"130":0,"131":0,"132":0,"133":0,"134":0,"135":0,"136":0,"137":0,"138":0,"139":0,"140":0,"141":0,"142":0,"143":0,"144":0,"145":0,"146":1,"147":0,"148":0,"149":0,"150":0,"151":0,"152":0,"153":0,"154":0,"155":0,"156":0,"157":0,"158":0,"159":0,"160":0,"161":0,"162":0,"163":0,"164":0,"165":0,"166":0,"167":0,"168":0,"169":0,"170":0,"171":0,"172":0,"173":0,"174":0,"175":0,"176":0,"177":0,"178":0,"179":0,"180":0,"181":0},"f":{"0":2,"1":0,"2":0,"3":0,"4":0,"5":0,"6":0,"7":2,"8":1,"9":1,"10":0,"11":0,"12":0,"13":0,"14":0,"15":0,"16":0},"b":{"0":[1,1],"1":[2,2],"2":[0,1],"3":[0,0],"4":[0,0],"5":[0,0],"6":[0,0],"7":[0,0],"8":[0,0],"9":[0,0],"10":[0,0],"11":[0,0],"12":[0,0],"13":[0,0],"14":[0,0],"15":[0,0],"16":[1,1],"17":[2,2],"18":[0,1],"19":[1,1],"20":[0,1],"21":[0,1],"22":[0,1],"23":[0,1],"24":[1,0],"25":[0,0],"26":[0,0],"27":[0,0],"28":[0,0],"29":[0,0,0],"30":[0,0],"31":[0,0],"32":[0,0],"33":[0,0],"34":[0,0],"35":[0,0],"36":[0,0],"37":[0,0],"38":[0,0],"39":[0,0],"40":[0,0],"41":[0,0],"42":[0,0],"43":[0,0,0],"44":[0,0],"45":[0,0],"46":[0,0],"47":[0,0],"48":[0,0]}}
,"D:/Github/TarkovTracker/functions/api/v2/handlers/tokenHandler.js": {"path":"D:/Github/TarkovTracker/functions/api/v2/handlers/tokenHandler.js","statementMap":{"0":{"start":{"line":34,"column":21},"end":{"line":49,"column":1}},"1":{"start":{"line":36,"column":2},"end":{"line":48,"column":3}},"2":{"start":{"line":39,"column":24},"end":{"line":42,"column":5}},"3":{"start":{"line":43,"column":4},"end":{"line":43,"column":40}},"4":{"start":{"line":46,"column":4},"end":{"line":46,"column":76}},"5":{"start":{"line":47,"column":4},"end":{"line":47,"column":52}}},"fnMap":{"0":{"name":"(anonymous_0)","decl":{"start":{"line":34,"column":21},"end":{"line":34,"column":26}},"loc":{"start":{"line":34,"column":41},"end":{"line":49,"column":1}}}},"branchMap":{"0":{"loc":{"start":{"line":36,"column":2},"end":{"line":48,"column":3}},"type":"if","locations":[{"start":{"line":36,"column":2},"end":{"line":48,"column":3}},{"start":{"line":44,"column":9},"end":{"line":48,"column":3}}]},"1":{"loc":{"start":{"line":40,"column":19},"end":{"line":40,"column":49}},"type":"binary-expr","locations":[{"start":{"line":40,"column":19},"end":{"line":40,"column":43}},{"start":{"line":40,"column":47},"end":{"line":40,"column":49}}]}},"s":{"0":1,"1":1,"2":1,"3":1,"4":0,"5":0},"f":{"0":1},"b":{"0":[1,0],"1":[1,0]}}
,"D:/Github/TarkovTracker/functions/api/v2/middleware/auth.js": {"path":"D:/Github/TarkovTracker/functions/api/v2/middleware/auth.js","statementMap":{"0":{"start":{"line":14,"column":21},"end":{"line":60,"column":1}},"1":{"start":{"line":15,"column":13},"end":{"line":15,"column":30}},"2":{"start":{"line":16,"column":21},"end":{"line":16,"column":45}},"3":{"start":{"line":18,"column":2},"end":{"line":21,"column":3}},"4":{"start":{"line":19,"column":4},"end":{"line":19,"column":75}},"5":{"start":{"line":20,"column":4},"end":{"line":20,"column":11}},"6":{"start":{"line":22,"column":2},"end":{"line":59,"column":3}},"7":{"start":{"line":24,"column":4},"end":{"line":27,"column":5}},"8":{"start":{"line":25,"column":6},"end":{"line":25,"column":68}},"9":{"start":{"line":26,"column":6},"end":{"line":26,"column":13}},"10":{"start":{"line":28,"column":20},"end":{"line":28,"column":44}},"11":{"start":{"line":30,"column":21},"end":{"line":30,"column":58}},"12":{"start":{"line":31,"column":21},"end":{"line":31,"column":41}},"13":{"start":{"line":32,"column":4},"end":{"line":48,"column":5}},"14":{"start":{"line":33,"column":6},"end":{"line":33,"column":70}},"15":{"start":{"line":34,"column":28},"end":{"line":34,"column":67}},"16":{"start":{"line":36,"column":6},"end":{"line":41,"column":9}},"17":{"start":{"line":37,"column":8},"end":{"line":40,"column":11}},"18":{"start":{"line":42,"column":6},"end":{"line":42,"column":37}},"19":{"start":{"line":43,"column":6},"end":{"line":43,"column":37}},"20":{"start":{"line":44,"column":6},"end":{"line":44,"column":13}},"21":{"start":{"line":46,"column":6},"end":{"line":46,"column":71}},"22":{"start":{"line":47,"column":6},"end":{"line":47,"column":29}},"23":{"start":{"line":50,"column":4},"end":{"line":54,"column":6}},"24":{"start":{"line":55,"column":4},"end":{"line":58,"column":14}}},"fnMap":{"0":{"name":"(anonymous_0)","decl":{"start":{"line":14,"column":21},"end":{"line":14,"column":26}},"loc":{"start":{"line":14,"column":47},"end":{"line":60,"column":1}}},"1":{"name":"(anonymous_1)","decl":{"start":{"line":36,"column":54},"end":{"line":36,"column":55}},"loc":{"start":{"line":36,"column":63},"end":{"line":41,"column":7}}}},"branchMap":{"0":{"loc":{"start":{"line":18,"column":2},"end":{"line":21,"column":3}},"type":"if","locations":[{"start":{"line":18,"column":2},"end":{"line":21,"column":3}},{"start":{},"end":{}}]},"1":{"loc":{"start":{"line":24,"column":4},"end":{"line":27,"column":5}},"type":"if","locations":[{"start":{"line":24,"column":4},"end":{"line":27,"column":5}},{"start":{},"end":{}}]},"2":{"loc":{"start":{"line":32,"column":4},"end":{"line":48,"column":5}},"type":"if","locations":[{"start":{"line":32,"column":4},"end":{"line":48,"column":5}},{"start":{"line":45,"column":11},"end":{"line":48,"column":5}}]}},"s":{"0":1,"1":2,"2":2,"3":2,"4":1,"5":1,"6":1,"7":1,"8":0,"9":0,"10":1,"11":1,"12":1,"13":1,"14":1,"15":1,"16":0,"17":0,"18":0,"19":0,"20":0,"21":0,"22":0,"23":1,"24":1},"f":{"0":2,"1":0},"b":{"0":[1,1],"1":[0,1],"2":[1,0]}}
,"D:/Github/TarkovTracker/functions/api/v2/utils/dataLoaders.js": {"path":"D:/Github/TarkovTracker/functions/api/v2/utils/dataLoaders.js","statementMap":{"0":{"start":{"line":14,"column":20},"end":{"line":29,"column":1}},"1":{"start":{"line":15,"column":2},"end":{"line":28,"column":3}},"2":{"start":{"line":16,"column":15},"end":{"line":16,"column":32}},"3":{"start":{"line":17,"column":20},"end":{"line":17,"column":60}},"4":{"start":{"line":18,"column":20},"end":{"line":18,"column":39}},"5":{"start":{"line":19,"column":4},"end":{"line":25,"column":5}},"6":{"start":{"line":20,"column":6},"end":{"line":20,"column":38}},"7":{"start":{"line":21,"column":6},"end":{"line":21,"column":28}},"8":{"start":{"line":23,"column":6},"end":{"line":23,"column":80}},"9":{"start":{"line":24,"column":6},"end":{"line":24,"column":18}},"10":{"start":{"line":27,"column":4},"end":{"line":27,"column":26}},"11":{"start":{"line":37,"column":23},"end":{"line":54,"column":1}},"12":{"start":{"line":38,"column":2},"end":{"line":53,"column":3}},"13":{"start":{"line":39,"column":15},"end":{"line":39,"column":32}},"14":{"start":{"line":40,"column":23},"end":{"line":40,"column":65}},"15":{"start":{"line":41,"column":23},"end":{"line":41,"column":45}},"16":{"start":{"line":42,"column":4},"end":{"line":50,"column":5}},"17":{"start":{"line":43,"column":6},"end":{"line":43,"column":44}},"18":{"start":{"line":44,"column":6},"end":{"line":44,"column":31}},"19":{"start":{"line":46,"column":6},"end":{"line":48,"column":8}},"20":{"start":{"line":49,"column":6},"end":{"line":49,"column":18}},"21":{"start":{"line":52,"column":4},"end":{"line":52,"column":29}}},"fnMap":{"0":{"name":"(anonymous_0)","decl":{"start":{"line":14,"column":20},"end":{"line":14,"column":25}},"loc":{"start":{"line":14,"column":32},"end":{"line":29,"column":1}}},"1":{"name":"(anonymous_1)","decl":{"start":{"line":37,"column":23},"end":{"line":37,"column":28}},"loc":{"start":{"line":37,"column":35},"end":{"line":54,"column":1}}}},"branchMap":{"0":{"loc":{"start":{"line":15,"column":2},"end":{"line":28,"column":3}},"type":"if","locations":[{"start":{"line":15,"column":2},"end":{"line":28,"column":3}},{"start":{"line":26,"column":9},"end":{"line":28,"column":3}}]},"1":{"loc":{"start":{"line":19,"column":4},"end":{"line":25,"column":5}},"type":"if","locations":[{"start":{"line":19,"column":4},"end":{"line":25,"column":5}},{"start":{"line":22,"column":11},"end":{"line":25,"column":5}}]},"2":{"loc":{"start":{"line":38,"column":2},"end":{"line":53,"column":3}},"type":"if","locations":[{"start":{"line":38,"column":2},"end":{"line":53,"column":3}},{"start":{"line":51,"column":9},"end":{"line":53,"column":3}}]},"3":{"loc":{"start":{"line":42,"column":4},"end":{"line":50,"column":5}},"type":"if","locations":[{"start":{"line":42,"column":4},"end":{"line":50,"column":5}},{"start":{"line":45,"column":11},"end":{"line":50,"column":5}}]}},"s":{"0":1,"1":2,"2":1,"3":1,"4":1,"5":1,"6":1,"7":1,"8":0,"9":0,"10":1,"11":1,"12":2,"13":1,"14":1,"15":1,"16":1,"17":1,"18":1,"19":0,"20":0,"21":1},"f":{"0":2,"1":2},"b":{"0":[1,1],"1":[1,0],"2":[1,1],"3":[1,0]}}
,"D:/Github/TarkovTracker/functions/api/v2/utils/progressUtils.js": {"path":"D:/Github/TarkovTracker/functions/api/v2/utils/progressUtils.js","statementMap":{"0":{"start":{"line":11,"column":24},"end":{"line":36,"column":1}},"1":{"start":{"line":16,"column":28},"end":{"line":16,"column":30}},"2":{"start":{"line":17,"column":2},"end":{"line":17,"column":49}},"3":{"start":{"line":17,"column":22},"end":{"line":17,"column":49}},"4":{"start":{"line":19,"column":2},"end":{"line":34,"column":3}},"5":{"start":{"line":20,"column":23},"end":{"line":23,"column":5}},"6":{"start":{"line":24,"column":4},"end":{"line":26,"column":5}},"7":{"start":{"line":25,"column":6},"end":{"line":25,"column":49}},"8":{"start":{"line":27,"column":4},"end":{"line":29,"column":5}},"9":{"start":{"line":28,"column":6},"end":{"line":28,"column":57}},"10":{"start":{"line":30,"column":4},"end":{"line":32,"column":5}},"11":{"start":{"line":31,"column":6},"end":{"line":31,"column":45}},"12":{"start":{"line":33,"column":4},"end":{"line":33,"column":43}},"13":{"start":{"line":35,"column":2},"end":{"line":35,"column":29}},"14":{"start":{"line":48,"column":32},"end":{"line":110,"column":1}},"15":{"start":{"line":56,"column":13},"end":{"line":56,"column":64}},"16":{"start":{"line":56,"column":45},"end":{"line":56,"column":63}},"17":{"start":{"line":57,"column":2},"end":{"line":107,"column":3}},"18":{"start":{"line":59,"column":4},"end":{"line":86,"column":5}},"19":{"start":{"line":61,"column":22},"end":{"line":61,"column":69}},"20":{"start":{"line":61,"column":53},"end":{"line":61,"column":68}},"21":{"start":{"line":63,"column":6},"end":{"line":68,"column":7}},"22":{"start":{"line":64,"column":8},"end":{"line":64,"column":48}},"23":{"start":{"line":65,"column":8},"end":{"line":65,"column":50}},"24":{"start":{"line":67,"column":8},"end":{"line":67,"column":75}},"25":{"start":{"line":70,"column":6},"end":{"line":85,"column":9}},"26":{"start":{"line":71,"column":29},"end":{"line":73,"column":9}},"27":{"start":{"line":72,"column":17},"end":{"line":72,"column":38}},"28":{"start":{"line":74,"column":8},"end":{"line":84,"column":9}},"29":{"start":{"line":75,"column":10},"end":{"line":75,"column":59}},"30":{"start":{"line":76,"column":10},"end":{"line":76,"column":61}},"31":{"start":{"line":78,"column":10},"end":{"line":83,"column":13}},"32":{"start":{"line":88,"column":24},"end":{"line":96,"column":5}},"33":{"start":{"line":89,"column":6},"end":{"line":95,"column":7}},"34":{"start":{"line":91,"column":10},"end":{"line":94,"column":11}},"35":{"start":{"line":93,"column":24},"end":{"line":93,"column":68}},"36":{"start":{"line":97,"column":4},"end":{"line":106,"column":7}},"37":{"start":{"line":100,"column":6},"end":{"line":105,"column":8}},"38":{"start":{"line":109,"column":2},"end":{"line":109,"column":46}},"39":{"start":{"line":120,"column":23},"end":{"line":255,"column":1}},"40":{"start":{"line":121,"column":24},"end":{"line":121,"column":59}},"41":{"start":{"line":122,"column":29},"end":{"line":122,"column":63}},"42":{"start":{"line":123,"column":31},"end":{"line":123,"column":63}},"43":{"start":{"line":124,"column":33},"end":{"line":124,"column":67}},"44":{"start":{"line":125,"column":20},"end":{"line":125,"column":71}},"45":{"start":{"line":126,"column":20},"end":{"line":126,"column":44}},"46":{"start":{"line":127,"column":20},"end":{"line":127,"column":50}},"47":{"start":{"line":128,"column":19},"end":{"line":128,"column":53}},"48":{"start":{"line":130,"column":17},"end":{"line":140,"column":3}},"49":{"start":{"line":143,"column":2},"end":{"line":185,"column":3}},"50":{"start":{"line":144,"column":4},"end":{"line":179,"column":5}},"51":{"start":{"line":145,"column":27},"end":{"line":147,"column":7}},"52":{"start":{"line":146,"column":21},"end":{"line":146,"column":62}},"53":{"start":{"line":148,"column":6},"end":{"line":178,"column":9}},"54":{"start":{"line":149,"column":8},"end":{"line":177,"column":9}},"55":{"start":{"line":151,"column":28},"end":{"line":153,"column":11}},"56":{"start":{"line":152,"column":24},"end":{"line":152,"column":46}},"57":{"start":{"line":154,"column":10},"end":{"line":161,"column":11}},"58":{"start":{"line":155,"column":12},"end":{"line":158,"column":15}},"59":{"start":{"line":160,"column":12},"end":{"line":160,"column":73}},"60":{"start":{"line":163,"column":10},"end":{"line":176,"column":13}},"61":{"start":{"line":164,"column":28},"end":{"line":166,"column":13}},"62":{"start":{"line":165,"column":24},"end":{"line":165,"column":43}},"63":{"start":{"line":167,"column":12},"end":{"line":175,"column":13}},"64":{"start":{"line":168,"column":14},"end":{"line":172,"column":17}},"65":{"start":{"line":174,"column":14},"end":{"line":174,"column":71}},"66":{"start":{"line":181,"column":4},"end":{"line":184,"column":7}},"67":{"start":{"line":188,"column":2},"end":{"line":252,"column":3}},"68":{"start":{"line":189,"column":4},"end":{"line":246,"column":5}},"69":{"start":{"line":191,"column":32},"end":{"line":193,"column":7}},"70":{"start":{"line":192,"column":18},"end":{"line":192,"column":79}},"71":{"start":{"line":194,"column":6},"end":{"line":201,"column":9}},"72":{"start":{"line":195,"column":8},"end":{"line":200,"column":10}},"73":{"start":{"line":204,"column":35},"end":{"line":206,"column":7}},"74":{"start":{"line":205,"column":8},"end":{"line":205,"column":76}},"75":{"start":{"line":205,"column":45},"end":{"line":205,"column":75}},"76":{"start":{"line":207,"column":6},"end":{"line":223,"column":9}},"77":{"start":{"line":208,"column":31},"end":{"line":214,"column":9}},"78":{"start":{"line":210,"column":12},"end":{"line":213,"column":51}},"79":{"start":{"line":215,"column":8},"end":{"line":222,"column":9}},"80":{"start":{"line":216,"column":10},"end":{"line":221,"column":12}},"81":{"start":{"line":226,"column":29},"end":{"line":228,"column":7}},"82":{"start":{"line":227,"column":18},"end":{"line":227,"column":47}},"83":{"start":{"line":229,"column":6},"end":{"line":245,"column":9}},"84":{"start":{"line":230,"column":35},"end":{"line":234,"column":9}},"85":{"start":{"line":232,"column":12},"end":{"line":233,"column":44}},"86":{"start":{"line":235,"column":8},"end":{"line":244,"column":9}},"87":{"start":{"line":237,"column":10},"end":{"line":243,"column":12}},"88":{"start":{"line":248,"column":4},"end":{"line":251,"column":7}},"89":{"start":{"line":254,"column":2},"end":{"line":254,"column":18}},"90":{"start":{"line":272,"column":24},"end":{"line":389,"column":1}},"91":{"start":{"line":280,"column":2},"end":{"line":280,"column":70}},"92":{"start":{"line":281,"column":2},"end":{"line":387,"column":3}},"93":{"start":{"line":284,"column":6},"end":{"line":312,"column":7}},"94":{"start":{"line":285,"column":8},"end":{"line":285,"column":79}},"95":{"start":{"line":287,"column":8},"end":{"line":311,"column":11}},"96":{"start":{"line":288,"column":32},"end":{"line":290,"column":11}},"97":{"start":{"line":289,"column":19},"end":{"line":289,"column":44}},"98":{"start":{"line":291,"column":10},"end":{"line":310,"column":11}},"99":{"start":{"line":293,"column":12},"end":{"line":294,"column":19}},"100":{"start":{"line":295,"column":12},"end":{"line":296,"column":19}},"101":{"start":{"line":297,"column":12},"end":{"line":298,"column":25}},"102":{"start":{"line":300,"column":12},"end":{"line":304,"column":15}},"103":{"start":{"line":301,"column":14},"end":{"line":301,"column":79}},"104":{"start":{"line":302,"column":14},"end":{"line":303,"column":27}},"105":{"start":{"line":306,"column":12},"end":{"line":308,"column":14}},"106":{"start":{"line":314,"column":6},"end":{"line":314,"column":67}},"107":{"start":{"line":315,"column":6},"end":{"line":316,"column":44}},"108":{"start":{"line":317,"column":6},"end":{"line":317,"column":74}},"109":{"start":{"line":319,"column":6},"end":{"line":322,"column":9}},"110":{"start":{"line":320,"column":8},"end":{"line":320,"column":73}},"111":{"start":{"line":321,"column":8},"end":{"line":321,"column":80}},"112":{"start":{"line":324,"column":6},"end":{"line":329,"column":7}},"113":{"start":{"line":325,"column":8},"end":{"line":327,"column":10}},"114":{"start":{"line":328,"column":8},"end":{"line":328,"column":54}},"115":{"start":{"line":330,"column":6},"end":{"line":330,"column":12}},"116":{"start":{"line":333,"column":6},"end":{"line":333,"column":68}},"117":{"start":{"line":334,"column":6},"end":{"line":334,"column":66}},"118":{"start":{"line":335,"column":6},"end":{"line":336,"column":44}},"119":{"start":{"line":338,"column":6},"end":{"line":342,"column":9}},"120":{"start":{"line":339,"column":8},"end":{"line":339,"column":74}},"121":{"start":{"line":340,"column":8},"end":{"line":341,"column":46}},"122":{"start":{"line":344,"column":6},"end":{"line":370,"column":7}},"123":{"start":{"line":346,"column":8},"end":{"line":369,"column":11}},"124":{"start":{"line":347,"column":32},"end":{"line":349,"column":11}},"125":{"start":{"line":348,"column":19},"end":{"line":348,"column":44}},"126":{"start":{"line":350,"column":10},"end":{"line":368,"column":11}},"127":{"start":{"line":352,"column":12},"end":{"line":353,"column":20}},"128":{"start":{"line":354,"column":12},"end":{"line":355,"column":20}},"129":{"start":{"line":356,"column":12},"end":{"line":357,"column":50}},"130":{"start":{"line":359,"column":12},"end":{"line":363,"column":15}},"131":{"start":{"line":360,"column":14},"end":{"line":360,"column":80}},"132":{"start":{"line":361,"column":14},"end":{"line":362,"column":52}},"133":{"start":{"line":365,"column":12},"end":{"line":367,"column":14}},"134":{"start":{"line":371,"column":6},"end":{"line":371,"column":12}},"135":{"start":{"line":374,"column":6},"end":{"line":374,"column":67}},"136":{"start":{"line":375,"column":6},"end":{"line":375,"column":65}},"137":{"start":{"line":376,"column":6},"end":{"line":376,"column":74}},"138":{"start":{"line":378,"column":6},"end":{"line":381,"column":9}},"139":{"start":{"line":379,"column":8},"end":{"line":379,"column":73}},"140":{"start":{"line":380,"column":8},"end":{"line":380,"column":80}},"141":{"start":{"line":382,"column":6},"end":{"line":382,"column":12}},"142":{"start":{"line":384,"column":6},"end":{"line":384,"column":75}},"143":{"start":{"line":386,"column":6},"end":{"line":386,"column":12}},"144":{"start":{"line":388,"column":2},"end":{"line":388,"column":24}}},"fnMap":{"0":{"name":"(anonymous_0)","decl":{"start":{"line":11,"column":24},"end":{"line":11,"column":25}},"loc":{"start":{"line":15,"column":5},"end":{"line":36,"column":1}}},"1":{"name":"(anonymous_1)","decl":{"start":{"line":48,"column":32},"end":{"line":48,"column":33}},"loc":{"start":{"line":54,"column":5},"end":{"line":110,"column":1}}},"2":{"name":"(anonymous_2)","decl":{"start":{"line":56,"column":35},"end":{"line":56,"column":36}},"loc":{"start":{"line":56,"column":45},"end":{"line":56,"column":63}}},"3":{"name":"(anonymous_3)","decl":{"start":{"line":61,"column":46},"end":{"line":61,"column":47}},"loc":{"start":{"line":61,"column":53},"end":{"line":61,"column":68}}},"4":{"name":"(anonymous_4)","decl":{"start":{"line":70,"column":31},"end":{"line":70,"column":32}},"loc":{"start":{"line":70,"column":46},"end":{"line":85,"column":7}}},"5":{"name":"(anonymous_5)","decl":{"start":{"line":72,"column":10},"end":{"line":72,"column":11}},"loc":{"start":{"line":72,"column":17},"end":{"line":72,"column":38}}},"6":{"name":"(anonymous_6)","decl":{"start":{"line":88,"column":48},"end":{"line":88,"column":49}},"loc":{"start":{"line":89,"column":6},"end":{"line":95,"column":7}}},"7":{"name":"(anonymous_7)","decl":{"start":{"line":90,"column":8},"end":{"line":90,"column":9}},"loc":{"start":{"line":91,"column":10},"end":{"line":94,"column":11}}},"8":{"name":"(anonymous_8)","decl":{"start":{"line":93,"column":12},"end":{"line":93,"column":13}},"loc":{"start":{"line":93,"column":24},"end":{"line":93,"column":68}}},"9":{"name":"(anonymous_9)","decl":{"start":{"line":97,"column":27},"end":{"line":97,"column":28}},"loc":{"start":{"line":97,"column":45},"end":{"line":106,"column":5}}},"10":{"name":"(anonymous_10)","decl":{"start":{"line":120,"column":23},"end":{"line":120,"column":24}},"loc":{"start":{"line":120,"column":72},"end":{"line":255,"column":1}}},"11":{"name":"(anonymous_11)","decl":{"start":{"line":146,"column":8},"end":{"line":146,"column":9}},"loc":{"start":{"line":146,"column":21},"end":{"line":146,"column":62}}},"12":{"name":"(anonymous_12)","decl":{"start":{"line":148,"column":36},"end":{"line":148,"column":37}},"loc":{"start":{"line":148,"column":47},"end":{"line":178,"column":7}}},"13":{"name":"(anonymous_13)","decl":{"start":{"line":152,"column":12},"end":{"line":152,"column":13}},"loc":{"start":{"line":152,"column":24},"end":{"line":152,"column":46}}},"14":{"name":"(anonymous_14)","decl":{"start":{"line":163,"column":42},"end":{"line":163,"column":43}},"loc":{"start":{"line":163,"column":52},"end":{"line":176,"column":11}}},"15":{"name":"(anonymous_15)","decl":{"start":{"line":165,"column":14},"end":{"line":165,"column":15}},"loc":{"start":{"line":165,"column":24},"end":{"line":165,"column":43}}},"16":{"name":"(anonymous_16)","decl":{"start":{"line":192,"column":8},"end":{"line":192,"column":9}},"loc":{"start":{"line":192,"column":18},"end":{"line":192,"column":79}}},"17":{"name":"(anonymous_17)","decl":{"start":{"line":194,"column":34},"end":{"line":194,"column":35}},"loc":{"start":{"line":194,"column":44},"end":{"line":201,"column":7}}},"18":{"name":"(anonymous_18)","decl":{"start":{"line":204,"column":57},"end":{"line":204,"column":58}},"loc":{"start":{"line":205,"column":8},"end":{"line":205,"column":76}}},"19":{"name":"(anonymous_19)","decl":{"start":{"line":205,"column":36},"end":{"line":205,"column":37}},"loc":{"start":{"line":205,"column":45},"end":{"line":205,"column":75}}},"20":{"name":"(anonymous_20)","decl":{"start":{"line":207,"column":37},"end":{"line":207,"column":38}},"loc":{"start":{"line":207,"column":51},"end":{"line":223,"column":7}}},"21":{"name":"(anonymous_21)","decl":{"start":{"line":209,"column":10},"end":{"line":209,"column":11}},"loc":{"start":{"line":210,"column":12},"end":{"line":213,"column":51}}},"22":{"name":"(anonymous_22)","decl":{"start":{"line":227,"column":8},"end":{"line":227,"column":9}},"loc":{"start":{"line":227,"column":18},"end":{"line":227,"column":47}}},"23":{"name":"(anonymous_23)","decl":{"start":{"line":229,"column":31},"end":{"line":229,"column":32}},"loc":{"start":{"line":229,"column":44},"end":{"line":245,"column":7}}},"24":{"name":"(anonymous_24)","decl":{"start":{"line":231,"column":10},"end":{"line":231,"column":11}},"loc":{"start":{"line":232,"column":12},"end":{"line":233,"column":44}}},"25":{"name":"(anonymous_25)","decl":{"start":{"line":272,"column":24},"end":{"line":272,"column":25}},"loc":{"start":{"line":279,"column":5},"end":{"line":389,"column":1}}},"26":{"name":"(anonymous_26)","decl":{"start":{"line":287,"column":34},"end":{"line":287,"column":35}},"loc":{"start":{"line":287,"column":57},"end":{"line":311,"column":9}}},"27":{"name":"(anonymous_27)","decl":{"start":{"line":289,"column":12},"end":{"line":289,"column":13}},"loc":{"start":{"line":289,"column":19},"end":{"line":289,"column":44}}},"28":{"name":"(anonymous_28)","decl":{"start":{"line":300,"column":48},"end":{"line":300,"column":49}},"loc":{"start":{"line":300,"column":63},"end":{"line":304,"column":13}}},"29":{"name":"(anonymous_29)","decl":{"start":{"line":319,"column":31},"end":{"line":319,"column":32}},"loc":{"start":{"line":319,"column":46},"end":{"line":322,"column":7}}},"30":{"name":"(anonymous_30)","decl":{"start":{"line":338,"column":31},"end":{"line":338,"column":32}},"loc":{"start":{"line":338,"column":46},"end":{"line":342,"column":7}}},"31":{"name":"(anonymous_31)","decl":{"start":{"line":346,"column":34},"end":{"line":346,"column":35}},"loc":{"start":{"line":346,"column":57},"end":{"line":369,"column":9}}},"32":{"name":"(anonymous_32)","decl":{"start":{"line":348,"column":12},"end":{"line":348,"column":13}},"loc":{"start":{"line":348,"column":19},"end":{"line":348,"column":44}}},"33":{"name":"(anonymous_33)","decl":{"start":{"line":359,"column":48},"end":{"line":359,"column":49}},"loc":{"start":{"line":359,"column":63},"end":{"line":363,"column":13}}},"34":{"name":"(anonymous_34)","decl":{"start":{"line":378,"column":31},"end":{"line":378,"column":32}},"loc":{"start":{"line":378,"column":46},"end":{"line":381,"column":7}}}},"branchMap":{"0":{"loc":{"start":{"line":13,"column":2},"end":{"line":13,"column":19}},"type":"default-arg","locations":[{"start":{"line":13,"column":14},"end":{"line":13,"column":19}}]},"1":{"loc":{"start":{"line":14,"column":2},"end":{"line":14,"column":21}},"type":"default-arg","locations":[{"start":{"line":14,"column":16},"end":{"line":14,"column":21}}]},"2":{"loc":{"start":{"line":17,"column":2},"end":{"line":17,"column":49}},"type":"if","locations":[{"start":{"line":17,"column":2},"end":{"line":17,"column":49}},{"start":{},"end":{}}]},"3":{"loc":{"start":{"line":22,"column":16},"end":{"line":22,"column":44}},"type":"binary-expr","locations":[{"start":{"line":22,"column":16},"end":{"line":22,"column":35}},{"start":{"line":22,"column":39},"end":{"line":22,"column":44}}]},"4":{"loc":{"start":{"line":24,"column":4},"end":{"line":26,"column":5}},"type":"if","locations":[{"start":{"line":24,"column":4},"end":{"line":26,"column":5}},{"start":{},"end":{}}]},"5":{"loc":{"start":{"line":25,"column":27},"end":{"line":25,"column":48}},"type":"binary-expr","locations":[{"start":{"line":25,"column":27},"end":{"line":25,"column":43}},{"start":{"line":25,"column":47},"end":{"line":25,"column":48}}]},"6":{"loc":{"start":{"line":27,"column":4},"end":{"line":29,"column":5}},"type":"if","locations":[{"start":{"line":27,"column":4},"end":{"line":29,"column":5}},{"start":{},"end":{}}]},"7":{"loc":{"start":{"line":28,"column":29},"end":{"line":28,"column":56}},"type":"binary-expr","locations":[{"start":{"line":28,"column":29},"end":{"line":28,"column":47}},{"start":{"line":28,"column":51},"end":{"line":28,"column":56}}]},"8":{"loc":{"start":{"line":30,"column":4},"end":{"line":32,"column":5}},"type":"if","locations":[{"start":{"line":30,"column":4},"end":{"line":32,"column":5}},{"start":{},"end":{}}]},"9":{"loc":{"start":{"line":53,"column":2},"end":{"line":53,"column":19}},"type":"default-arg","locations":[{"start":{"line":53,"column":14},"end":{"line":53,"column":19}}]},"10":{"loc":{"start":{"line":57,"column":2},"end":{"line":107,"column":3}},"type":"if","locations":[{"start":{"line":57,"column":2},"end":{"line":107,"column":3}},{"start":{},"end":{}}]},"11":{"loc":{"start":{"line":59,"column":4},"end":{"line":86,"column":5}},"type":"if","locations":[{"start":{"line":59,"column":4},"end":{"line":86,"column":5}},{"start":{},"end":{}}]},"12":{"loc":{"start":{"line":63,"column":6},"end":{"line":68,"column":7}},"type":"if","locations":[{"start":{"line":63,"column":6},"end":{"line":68,"column":7}},{"start":{"line":66,"column":13},"end":{"line":68,"column":7}}]},"13":{"loc":{"start":{"line":74,"column":8},"end":{"line":84,"column":9}},"type":"if","locations":[{"start":{"line":74,"column":8},"end":{"line":84,"column":9}},{"start":{"line":77,"column":15},"end":{"line":84,"column":9}}]},"14":{"loc":{"start":{"line":91,"column":10},"end":{"line":94,"column":11}},"type":"binary-expr","locations":[{"start":{"line":91,"column":10},"end":{"line":91,"column":41}},{"start":{"line":92,"column":10},"end":{"line":94,"column":11}}]},"15":{"loc":{"start":{"line":93,"column":24},"end":{"line":93,"column":68}},"type":"binary-expr","locations":[{"start":{"line":93,"column":24},"end":{"line":93,"column":45}},{"start":{"line":93,"column":49},"end":{"line":93,"column":68}}]},"16":{"loc":{"start":{"line":121,"column":24},"end":{"line":121,"column":59}},"type":"binary-expr","locations":[{"start":{"line":121,"column":24},"end":{"line":121,"column":53}},{"start":{"line":121,"column":57},"end":{"line":121,"column":59}}]},"17":{"loc":{"start":{"line":122,"column":29},"end":{"line":122,"column":63}},"type":"binary-expr","locations":[{"start":{"line":122,"column":29},"end":{"line":122,"column":57}},{"start":{"line":122,"column":61},"end":{"line":122,"column":63}}]},"18":{"loc":{"start":{"line":123,"column":31},"end":{"line":123,"column":63}},"type":"binary-expr","locations":[{"start":{"line":123,"column":31},"end":{"line":123,"column":57}},{"start":{"line":123,"column":61},"end":{"line":123,"column":63}}]},"19":{"loc":{"start":{"line":124,"column":33},"end":{"line":124,"column":67}},"type":"binary-expr","locations":[{"start":{"line":124,"column":33},"end":{"line":124,"column":61}},{"start":{"line":124,"column":65},"end":{"line":124,"column":67}}]},"20":{"loc":{"start":{"line":125,"column":20},"end":{"line":125,"column":71}},"type":"binary-expr","locations":[{"start":{"line":125,"column":20},"end":{"line":125,"column":45}},{"start":{"line":125,"column":49},"end":{"line":125,"column":71}}]},"21":{"loc":{"start":{"line":126,"column":20},"end":{"line":126,"column":44}},"type":"binary-expr","locations":[{"start":{"line":126,"column":20},"end":{"line":126,"column":39}},{"start":{"line":126,"column":43},"end":{"line":126,"column":44}}]},"22":{"loc":{"start":{"line":127,"column":20},"end":{"line":127,"column":50}},"type":"binary-expr","locations":[{"start":{"line":127,"column":20},"end":{"line":127,"column":45}},{"start":{"line":127,"column":49},"end":{"line":127,"column":50}}]},"23":{"loc":{"start":{"line":128,"column":19},"end":{"line":128,"column":53}},"type":"binary-expr","locations":[{"start":{"line":128,"column":19},"end":{"line":128,"column":43}},{"start":{"line":128,"column":47},"end":{"line":128,"column":53}}]},"24":{"loc":{"start":{"line":144,"column":4},"end":{"line":179,"column":5}},"type":"if","locations":[{"start":{"line":144,"column":4},"end":{"line":179,"column":5}},{"start":{},"end":{}}]},"25":{"loc":{"start":{"line":149,"column":8},"end":{"line":177,"column":9}},"type":"if","locations":[{"start":{"line":149,"column":8},"end":{"line":177,"column":9}},{"start":{},"end":{}}]},"26":{"loc":{"start":{"line":154,"column":10},"end":{"line":161,"column":11}},"type":"if","locations":[{"start":{"line":154,"column":10},"end":{"line":161,"column":11}},{"start":{"line":159,"column":17},"end":{"line":161,"column":11}}]},"27":{"loc":{"start":{"line":167,"column":12},"end":{"line":175,"column":13}},"type":"if","locations":[{"start":{"line":167,"column":12},"end":{"line":175,"column":13}},{"start":{"line":173,"column":19},"end":{"line":175,"column":13}}]},"28":{"loc":{"start":{"line":189,"column":4},"end":{"line":246,"column":5}},"type":"if","locations":[{"start":{"line":189,"column":4},"end":{"line":246,"column":5}},{"start":{},"end":{}}]},"29":{"loc":{"start":{"line":192,"column":18},"end":{"line":192,"column":79}},"type":"binary-expr","locations":[{"start":{"line":192,"column":18},"end":{"line":192,"column":44}},{"start":{"line":192,"column":48},"end":{"line":192,"column":79}}]},"30":{"loc":{"start":{"line":210,"column":12},"end":{"line":213,"column":51}},"type":"binary-expr","locations":[{"start":{"line":210,"column":12},"end":{"line":210,"column":36}},{"start":{"line":211,"column":12},"end":{"line":211,"column":38}},{"start":{"line":212,"column":12},"end":{"line":212,"column":50}},{"start":{"line":213,"column":12},"end":{"line":213,"column":51}}]},"31":{"loc":{"start":{"line":215,"column":8},"end":{"line":222,"column":9}},"type":"if","locations":[{"start":{"line":215,"column":8},"end":{"line":222,"column":9}},{"start":{},"end":{}}]},"32":{"loc":{"start":{"line":232,"column":12},"end":{"line":233,"column":44}},"type":"binary-expr","locations":[{"start":{"line":232,"column":12},"end":{"line":232,"column":43}},{"start":{"line":233,"column":12},"end":{"line":233,"column":44}}]},"33":{"loc":{"start":{"line":235,"column":8},"end":{"line":244,"column":9}},"type":"if","locations":[{"start":{"line":235,"column":8},"end":{"line":244,"column":9}},{"start":{},"end":{}}]},"34":{"loc":{"start":{"line":281,"column":2},"end":{"line":387,"column":3}},"type":"switch","locations":[{"start":{"line":282,"column":4},"end":{"line":330,"column":12}},{"start":{"line":331,"column":4},"end":{"line":371,"column":12}},{"start":{"line":372,"column":4},"end":{"line":382,"column":12}},{"start":{"line":383,"column":4},"end":{"line":386,"column":12}}]},"35":{"loc":{"start":{"line":284,"column":6},"end":{"line":312,"column":7}},"type":"if","locations":[{"start":{"line":284,"column":6},"end":{"line":312,"column":7}},{"start":{},"end":{}}]},"36":{"loc":{"start":{"line":291,"column":10},"end":{"line":310,"column":11}},"type":"if","locations":[{"start":{"line":291,"column":10},"end":{"line":310,"column":11}},{"start":{"line":305,"column":17},"end":{"line":310,"column":11}}]},"37":{"loc":{"start":{"line":324,"column":6},"end":{"line":329,"column":7}},"type":"if","locations":[{"start":{"line":324,"column":6},"end":{"line":329,"column":7}},{"start":{},"end":{}}]},"38":{"loc":{"start":{"line":324,"column":11},"end":{"line":324,"column":35}},"type":"binary-expr","locations":[{"start":{"line":324,"column":11},"end":{"line":324,"column":30}},{"start":{"line":324,"column":34},"end":{"line":324,"column":35}}]},"39":{"loc":{"start":{"line":344,"column":6},"end":{"line":370,"column":7}},"type":"if","locations":[{"start":{"line":344,"column":6},"end":{"line":370,"column":7}},{"start":{},"end":{}}]},"40":{"loc":{"start":{"line":350,"column":10},"end":{"line":368,"column":11}},"type":"if","locations":[{"start":{"line":350,"column":10},"end":{"line":368,"column":11}},{"start":{"line":364,"column":17},"end":{"line":368,"column":11}}]}},"s":{"0":1,"1":8,"2":8,"3":0,"4":8,"5":0,"6":0,"7":0,"8":0,"9":0,"10":0,"11":0,"12":0,"13":8,"14":1,"15":0,"16":0,"17":0,"18":0,"19":0,"20":0,"21":0,"22":0,"23":0,"24":0,"25":0,"26":0,"27":0,"28":0,"29":0,"30":0,"31":0,"32":0,"33":0,"34":0,"35":0,"36":0,"37":0,"38":0,"39":1,"40":2,"41":2,"42":2,"43":2,"44":2,"45":2,"46":2,"47":2,"48":2,"49":2,"50":2,"51":0,"52":0,"53":0,"54":0,"55":0,"56":0,"57":0,"58":0,"59":0,"60":0,"61":0,"62":0,"63":0,"64":0,"65":0,"66":0,"67":2,"68":2,"69":1,"70":0,"71":0,"72":0,"73":0,"74":0,"75":0,"76":0,"77":0,"78":0,"79":0,"80":0,"81":0,"82":0,"83":0,"84":0,"85":0,"86":0,"87":0,"88":1,"89":2,"90":1,"91":2,"92":2,"93":2,"94":0,"95":0,"96":0,"97":0,"98":0,"99":0,"100":0,"101":0,"102":0,"103":0,"104":0,"105":0,"106":2,"107":2,"108":2,"109":2,"110":1,"111":1,"112":2,"113":0,"114":0,"115":2,"116":0,"117":0,"118":0,"119":0,"120":0,"121":0,"122":0,"123":0,"124":0,"125":0,"126":0,"127":0,"128":0,"129":0,"130":0,"131":0,"132":0,"133":0,"134":0,"135":0,"136":0,"137":0,"138":0,"139":0,"140":0,"141":0,"142":0,"143":0,"144":2},"f":{"0":8,"1":0,"2":0,"3":0,"4":0,"5":0,"6":0,"7":0,"8":0,"9":0,"10":2,"11":0,"12":0,"13":0,"14":0,"15":0,"16":0,"17":0,"18":0,"19":0,"20":0,"21":0,"22":0,"23":0,"24":0,"25":2,"26":0,"27":0,"28":0,"29":1,"30":0,"31":0,"32":0,"33":0,"34":0},"b":{"0":[2],"1":[4],"2":[0,8],"3":[0,0],"4":[0,0],"5":[0,0],"6":[0,0],"7":[0,0],"8":[0,0],"9":[0],"10":[0,0],"11":[0,0],"12":[0,0],"13":[0,0],"14":[0,0],"15":[0,0],"16":[2,2],"17":[2,2],"18":[2,2],"19":[2,2],"20":[2,2],"21":[2,1],"22":[2,2],"23":[2,2],"24":[0,2],"25":[0,0],"26":[0,0],"27":[0,0],"28":[1,1],"29":[0,0],"30":[0,0,0,0],"31":[0,0],"32":[0,0],"33":[0,0],"34":[2,0,0,0],"35":[0,2],"36":[0,0],"37":[0,2],"38":[2,1],"39":[0,0],"40":[0,0]}}
}
